Log file open, 12/19/21 13:23:17
LogWindows: Failed to load 'aqProf.dll' (GetLastError=126)
LogWindows: File 'aqProf.dll' does not exist
LogWindows: Failed to load 'VtuneApi.dll' (GetLastError=126)
LogWindows: File 'VtuneApi.dll' does not exist
LogWindows: Failed to load 'VtuneApi32e.dll' (GetLastError=126)
LogWindows: File 'VtuneApi32e.dll' does not exist
LogConsoleResponse: Display: Failed to find resolution value strings in scalability ini. Falling back to default.
LogConsoleResponse: Display: Failed to find resolution value strings in scalability ini. Falling back to default.
LogInit: Display: Running engine for game: mario4
LogPlatformFile: Not using cached read wrapper
LogTaskGraph: Started task graph with 5 named threads and 35 total threads with 3 sets of task threads.
LogStats: Stats thread started at 1.311717
LogICUInternationalization: ICU TimeZone Detection - Raw Offset: +2:00, Platform Override: ''
LogInit: Display: Loading text-based GConfig....
LogPluginManager: Mounting plugin MeshPainting
LogPluginManager: Mounting plugin XGEController
LogPluginManager: Mounting plugin Paper2D
LogPluginManager: Mounting plugin EnvironmentQueryEditor
LogPluginManager: Mounting plugin AISupport
LogPluginManager: Mounting plugin CameraShakePreviewer
LogPluginManager: Mounting plugin LightPropagationVolume
LogPluginManager: Mounting plugin OodleData
LogPluginManager: Mounting plugin OodleNetwork
LogPluginManager: Mounting plugin GameplayCameras
LogPluginManager: Mounting plugin AssetManagerEditor
LogPluginManager: Mounting plugin AlembicImporter
LogPluginManager: Mounting plugin LiveLink
LogPluginManager: Mounting plugin AutomationUtils
LogPluginManager: Mounting plugin ChaosCloth
LogPluginManager: Mounting plugin ChaosClothEditor
LogPluginManager: Mounting plugin ChaosEditor
LogPluginManager: Mounting plugin ChaosSolverPlugin
LogPluginManager: Mounting plugin ChaosNiagara
LogPluginManager: Mounting plugin CharacterAI
LogPluginManager: Mounting plugin BackChannel
LogPluginManager: Mounting plugin GeometryCache
LogPluginManager: Mounting plugin GeometryCollectionPlugin
LogPluginManager: Mounting plugin Niagara
LogPluginManager: Mounting plugin GeometryProcessing
LogPluginManager: Mounting plugin MotoSynth
LogPluginManager: Mounting plugin PlanarCut
LogPluginManager: Mounting plugin PlatformCrypto
LogPluginManager: Mounting plugin ProxyLODPlugin
LogPluginManager: Mounting plugin PythonScriptPlugin
LogPluginManager: Mounting plugin OpenImageDenoise
LogPluginManager: Mounting plugin SkeletalReduction
LogPluginManager: Mounting plugin DatasmithContent
LogPluginManager: Mounting plugin AnimationSharing
LogPluginManager: Mounting plugin CLionSourceCodeAccess
LogPluginManager: Mounting plugin CryptoKeys
LogPluginManager: Mounting plugin GitSourceControl
LogPluginManager: Mounting plugin CodeLiteSourceCodeAccess
LogPluginManager: Mounting plugin CurveEditorTools
LogPluginManager: Mounting plugin KDevelopSourceCodeAccess
LogPluginManager: Mounting plugin DataValidation
LogPluginManager: Mounting plugin FacialAnimation
LogPluginManager: Mounting plugin NullSourceCodeAccess
LogPluginManager: Mounting plugin GameplayTagsEditor
LogPluginManager: Mounting plugin GeometryMode
LogPluginManager: Mounting plugin PerforceSourceControl
LogPluginManager: Mounting plugin MacGraphicsSwitching
LogPluginManager: Mounting plugin PlasticSourceControl
LogPluginManager: Mounting plugin PixWinPlugin
LogPluginManager: Mounting plugin PluginUtils
LogPluginManager: Mounting plugin MaterialAnalyzer
LogPluginManager: Mounting plugin PropertyAccessNode
LogPluginManager: Mounting plugin RiderSourceCodeAccess
LogPluginManager: Mounting plugin SubversionSourceControl
LogPluginManager: Mounting plugin TextureFormatOodle
LogPluginManager: Mounting plugin XCodeSourceCodeAccess
LogPluginManager: Mounting plugin VisualStudioCodeSourceCodeAccess
LogPluginManager: Mounting plugin VisualStudioSourceCodeAccess
LogPluginManager: Mounting plugin MobileLauncherProfileWizard
LogPluginManager: Mounting plugin VariantManagerContent
LogPluginManager: Mounting plugin LuminPlatformFeatures
LogPluginManager: Mounting plugin PluginBrowser
LogPluginManager: Mounting plugin SpeedTreeImporter
LogPluginManager: Mounting plugin MagicLeap
LogPluginManager: Mounting plugin MagicLeapMedia
LogPluginManager: Mounting plugin MagicLeapLightEstimation
LogPluginManager: Mounting plugin UObjectPlugin
LogPluginManager: Mounting plugin MagicLeapPassableWorld
LogPluginManager: Mounting plugin MLSDK
LogPluginManager: Mounting plugin AndroidMedia
LogPluginManager: Mounting plugin AvfMedia
LogPluginManager: Mounting plugin ImgMedia
LogPluginManager: Mounting plugin MediaCompositing
LogPluginManager: Mounting plugin MediaPlayerEditor
LogPluginManager: Mounting plugin WmfMedia
LogPluginManager: Mounting plugin WebMMedia
LogPluginManager: Mounting plugin ActorLayerUtilities
LogPluginManager: Mounting plugin AndroidPermission
LogPluginManager: Mounting plugin AndroidMoviePlayer
LogPluginManager: Mounting plugin AndroidDeviceProfileSelector
LogPluginManager: Mounting plugin AppleImageUtils
LogPluginManager: Mounting plugin AppleMoviePlayer
LogPluginManager: Mounting plugin ArchVisCharacter
LogPluginManager: Mounting plugin AudioCapture
LogPluginManager: Mounting plugin AudioSynesthesia
LogPluginManager: Mounting plugin ChunkDownloader
LogPluginManager: Mounting plugin CableComponent
LogPluginManager: Mounting plugin CustomMeshComponent
LogPluginManager: Mounting plugin EditableMesh
LogPluginManager: Mounting plugin ExampleDeviceProfileSelector
LogPluginManager: Mounting plugin GoogleCloudMessaging
LogPluginManager: Mounting plugin GooglePAD
LogPluginManager: Mounting plugin IOSDeviceProfileSelector
LogPluginManager: Mounting plugin LinuxDeviceProfileSelector
LogPluginManager: Mounting plugin MobilePatchingUtils
LogPluginManager: Mounting plugin OpenXR
LogPluginManager: Mounting plugin OpenXREyeTracker
LogPluginManager: Mounting plugin OpenXRHandTracking
LogPluginManager: Mounting plugin PhysXVehicles
LogPluginManager: Mounting plugin ProceduralMeshComponent
LogPluginManager: Mounting plugin PostSplashScreen
LogPluginManager: Mounting plugin PropertyAccessEditor
LogPluginManager: Mounting plugin SignificanceManager
LogPluginManager: Mounting plugin RuntimePhysXCooking
LogPluginManager: Mounting plugin SoundFields
LogPluginManager: Mounting plugin AssetTags
LogPluginManager: Mounting plugin Synthesis
LogPluginManager: Mounting plugin WebMMoviePlayer
LogPluginManager: Mounting plugin LocationServicesBPLibrary
LogPluginManager: Mounting plugin WindowsMoviePlayer
LogPluginManager: Mounting plugin ActorSequence
LogPluginManager: Mounting plugin LevelSequenceEditor
LogPluginManager: Mounting plugin MatineeToLevelSequence
LogPluginManager: Mounting plugin TcpMessaging
LogPluginManager: Mounting plugin UdpMessaging
LogPluginManager: Mounting plugin TemplateSequence
LogPluginManager: Mounting plugin OnlineSubsystem
LogPluginManager: Mounting plugin OnlineSubsystemUtils
LogPluginManager: Mounting plugin OnlineSubsystemNull
LogPluginManager: Mounting plugin LauncherChunkInstaller
LogPluginManager: Mounting plugin ScreenshotTools
LogPluginManager: Mounting plugin Takes
LogPluginManager: Mounting plugin ContentBrowserAssetDataSource
LogPluginManager: Mounting plugin ContentBrowserClassDataSource
LogPluginManager: Mounting plugin ContentBrowserFileDataSource
LogPluginManager: Mounting plugin OculusVR
LogPluginManager: Mounting plugin SteamVR
LogPluginManager: Mounting plugin OnlineSubsystemGooglePlay
LogPluginManager: Mounting plugin OnlineSubsystemIOS
PixWinPlugin: PIX capture plugin failed to initialize! Check that the process is launched from PIX.
LogLuminAPIImpl: Warning: MLSDK not found.  This likely means the MLSDK environment variable is not set.
LogInit: Using libcurl 7.55.1-DEV
LogInit:  - built for x86_64-pc-win32
LogInit:  - supports SSL with OpenSSL/1.1.1
LogInit:  - supports HTTP deflate (compression) using libz 1.2.8
LogInit:  - other features:
LogInit:      CURL_VERSION_SSL
LogInit:      CURL_VERSION_LIBZ
LogInit:      CURL_VERSION_IPV6
LogInit:      CURL_VERSION_ASYNCHDNS
LogInit:      CURL_VERSION_LARGEFILE
LogInit:      CURL_VERSION_IDN
LogInit:  CurlRequestOptions (configurable via config and command line):
LogInit:  - bVerifyPeer = true  - Libcurl will verify peer certificate
LogInit:  - bUseHttpProxy = false  - Libcurl will NOT use HTTP proxy
LogInit:  - bDontReuseConnections = false  - Libcurl will reuse connections
LogInit:  - MaxHostConnections = 16  - Libcurl will limit the number of connections to a host
LogInit:  - LocalHostAddr = Default
LogInit:  - BufferSize = 65536
LogOnline: OSS: Creating online subsystem instance for: NULL
LogInit: WinSock: version 1.1 (2.2), MaxSocks=32767, MaxUdp=65467
LogOnline: OSS: TryLoadSubsystemAndSetDefault: Loaded subsystem for module [NULL]
LogOculusPluginWrapper: OculusPlugin initialized successfully
LogHMD: Failed initializing OVRPlugin 1.59.0
LogInit: Build: ++UE4+Release-4.27-CL-18319896
LogInit: Engine Version: 4.27.2-18319896+++UE4+Release-4.27
LogInit: Compatible Engine Version: 4.27.0-17155196+++UE4+Release-4.27
LogInit: Net CL: 17155196
LogInit: OS: Windows 10 (Release 2009) (), CPU: AMD Ryzen 5 2600X Six-Core Processor           , GPU: Radeon RX 5500 XT
LogInit: Compiled (64-bit): Nov 30 2021 07:12:08
LogInit: Compiled with Visual C++: 19.24.28315.00
LogInit: Build Configuration: Development
LogInit: Branch Name: ++UE4+Release-4.27
LogInit: Command Line: 
LogInit: Base Directory: E:/ue4/UE_4.27/Engine/Binaries/Win64/
LogInit: Allocator: TBB
LogInit: Installed Engine Build: 1
LogDevObjectVersion: Number of dev versions registered: 29
LogDevObjectVersion:   Dev-Blueprints (B0D832E4-1F89-4F0D-ACCF-7EB736FD4AA2): 10
LogDevObjectVersion:   Dev-Build (E1C64328-A22C-4D53-A36C-8E866417BD8C): 0
LogDevObjectVersion:   Dev-Core (375EC13C-06E4-48FB-B500-84F0262A717E): 4
LogDevObjectVersion:   Dev-Editor (E4B068ED-F494-42E9-A231-DA0B2E46BB41): 40
LogDevObjectVersion:   Dev-Framework (CFFC743F-43B0-4480-9391-14DF171D2073): 37
LogDevObjectVersion:   Dev-Mobile (B02B49B5-BB20-44E9-A304-32B752E40360): 3
LogDevObjectVersion:   Dev-Networking (A4E4105C-59A1-49B5-A7C5-40C4547EDFEE): 0
LogDevObjectVersion:   Dev-Online (39C831C9-5AE6-47DC-9A44-9C173E1C8E7C): 0
LogDevObjectVersion:   Dev-Physics (78F01B33-EBEA-4F98-B9B4-84EACCB95AA2): 14
LogDevObjectVersion:   Dev-Platform (6631380F-2D4D-43E0-8009-CF276956A95A): 0
LogDevObjectVersion:   Dev-Rendering (12F88B9F-8875-4AFC-A67C-D90C383ABD29): 45
LogDevObjectVersion:   Dev-Sequencer (7B5AE74C-D270-4C10-A958-57980B212A5A): 13
LogDevObjectVersion:   Dev-VR (D7296918-1DD6-4BDD-9DE2-64A83CC13884): 3
LogDevObjectVersion:   Dev-LoadTimes (C2A15278-BFE7-4AFE-6C17-90FF531DF755): 1
LogDevObjectVersion:   Private-Geometry (6EACA3D4-40EC-4CC1-B786-8BED09428FC5): 3
LogDevObjectVersion:   Dev-AnimPhys (29E575DD-E0A3-4627-9D10-D276232CDCEA): 17
LogDevObjectVersion:   Dev-Anim (AF43A65D-7FD3-4947-9873-3E8ED9C1BB05): 15
LogDevObjectVersion:   Dev-ReflectionCapture (6B266CEC-1EC7-4B8F-A30B-E4D90942FC07): 1
LogDevObjectVersion:   Dev-Automation (0DF73D61-A23F-47EA-B727-89E90C41499A): 1
LogDevObjectVersion:   FortniteMain (601D1886-AC64-4F84-AA16-D3DE0DEAC7D6): 47
LogDevObjectVersion:   FortniteRelease (E7086368-6B23-4C58-8439-1B7016265E91): 1
LogDevObjectVersion:   Dev-Enterprise (9DFFBCD6-494F-0158-E221-12823C92A888): 10
LogDevObjectVersion:   Dev-Niagara (F2AED0AC-9AFE-416F-8664-AA7FFA26D6FC): 1
LogDevObjectVersion:   Dev-Destruction (174F1F0B-B4C6-45A5-B13F-2EE8D0FB917D): 10
LogDevObjectVersion:   Dev-Physics-Ext (35F94A83-E258-406C-A318-09F59610247C): 41
LogDevObjectVersion:   Dev-PhysicsMaterial-Chaos (B68FC16E-8B1B-42E2-B453-215C058844FE): 1
LogDevObjectVersion:   Dev-CineCamera (B2E18506-4273-CFC2-A54E-F4BB758BBA07): 1
LogDevObjectVersion:   Dev-VirtualProduction (64F58936-FD1B-42BA-BA96-7289D5D0FA4E): 1
LogDevObjectVersion:   Dev-MediaFramework (6F0ED827-A609-4895-9C91-998D90180EA4): 2
LogInit: Presizing for max 25165824 objects, including 0 objects not considered by GC, pre-allocating 0 bytes for permanent pool.
LogConfig: Applying CVar settings from Section [/Script/Engine.StreamingSettings] File [E:/mario4/mario4/Saved/Config/Windows/Engine.ini]
LogConfig: Setting CVar [[s.MinBulkDataSizeForAsyncLoading:131072]]
LogConfig: Setting CVar [[s.AsyncLoadingThreadEnabled:0]]
LogConfig: Setting CVar [[s.EventDrivenLoaderEnabled:1]]
LogConfig: Setting CVar [[s.WarnIfTimeLimitExceeded:0]]
LogConfig: Setting CVar [[s.TimeLimitExceededMultiplier:1.5]]
LogConfig: Setting CVar [[s.TimeLimitExceededMinTime:0.005]]
LogConfig: Setting CVar [[s.UseBackgroundLevelStreaming:1]]
LogConfig: Setting CVar [[s.PriorityAsyncLoadingExtraTime:15.0]]
LogConfig: Setting CVar [[s.LevelStreamingActorsUpdateTimeLimit:5.0]]
LogConfig: Setting CVar [[s.PriorityLevelStreamingActorsUpdateExtraTime:5.0]]
LogConfig: Setting CVar [[s.LevelStreamingComponentsRegistrationGranularity:10]]
LogConfig: Setting CVar [[s.UnregisterComponentsTimeLimit:1.0]]
LogConfig: Setting CVar [[s.LevelStreamingComponentsUnregistrationGranularity:5]]
LogConfig: Setting CVar [[s.FlushStreamingOnExit:1]]
LogInit: Object subsystem initialized
LogConfig: Setting CVar [[con.DebugEarlyDefault:1]]
LogConfig: Setting CVar [[r.setres:1280x720]]
[2021.12.19-11.23.23:030][  0]LogConfig: Setting CVar [[r.VSync:0]]
[2021.12.19-11.23.23:030][  0]LogConfig: Setting CVar [[r.RHICmdBypass:0]]
[2021.12.19-11.23.23:030][  0]LogConfig: Applying CVar settings from Section [/Script/Engine.RendererSettings] File [E:/mario4/mario4/Saved/Config/Windows/Engine.ini]
[2021.12.19-11.23.23:030][  0]LogConfig: Setting CVar [[r.GPUCrashDebugging:0]]
[2021.12.19-11.23.23:031][  0]LogConfig: Applying CVar settings from Section [/Script/Engine.RendererOverrideSettings] File [E:/mario4/mario4/Saved/Config/Windows/Engine.ini]
[2021.12.19-11.23.23:031][  0]LogConfig: Applying CVar settings from Section [/Script/Engine.StreamingSettings] File [E:/mario4/mario4/Saved/Config/Windows/Engine.ini]
[2021.12.19-11.23.23:031][  0]LogConfig: Setting CVar [[s.MinBulkDataSizeForAsyncLoading:131072]]
[2021.12.19-11.23.23:031][  0]LogConfig: Setting CVar [[s.AsyncLoadingThreadEnabled:0]]
[2021.12.19-11.23.23:031][  0]LogConfig: Setting CVar [[s.EventDrivenLoaderEnabled:1]]
[2021.12.19-11.23.23:031][  0]LogConfig: Setting CVar [[s.WarnIfTimeLimitExceeded:0]]
[2021.12.19-11.23.23:031][  0]LogConfig: Setting CVar [[s.TimeLimitExceededMultiplier:1.5]]
[2021.12.19-11.23.23:031][  0]LogConfig: Setting CVar [[s.TimeLimitExceededMinTime:0.005]]
[2021.12.19-11.23.23:031][  0]LogConfig: Setting CVar [[s.UseBackgroundLevelStreaming:1]]
[2021.12.19-11.23.23:031][  0]LogConfig: Setting CVar [[s.PriorityAsyncLoadingExtraTime:15.0]]
[2021.12.19-11.23.23:031][  0]LogConfig: Setting CVar [[s.LevelStreamingActorsUpdateTimeLimit:5.0]]
[2021.12.19-11.23.23:031][  0]LogConfig: Setting CVar [[s.PriorityLevelStreamingActorsUpdateExtraTime:5.0]]
[2021.12.19-11.23.23:031][  0]LogConfig: Setting CVar [[s.LevelStreamingComponentsRegistrationGranularity:10]]
[2021.12.19-11.23.23:031][  0]LogConfig: Setting CVar [[s.UnregisterComponentsTimeLimit:1.0]]
[2021.12.19-11.23.23:031][  0]LogConfig: Setting CVar [[s.LevelStreamingComponentsUnregistrationGranularity:5]]
[2021.12.19-11.23.23:031][  0]LogConfig: Setting CVar [[s.FlushStreamingOnExit:1]]
[2021.12.19-11.23.23:031][  0]LogConfig: Applying CVar settings from Section [/Script/Engine.GarbageCollectionSettings] File [E:/mario4/mario4/Saved/Config/Windows/Engine.ini]
[2021.12.19-11.23.23:031][  0]LogConfig: Setting CVar [[gc.MaxObjectsNotConsideredByGC:1]]
[2021.12.19-11.23.23:031][  0]LogConfig: Setting CVar [[gc.SizeOfPermanentObjectPool:0]]
[2021.12.19-11.23.23:031][  0]LogConfig: Setting CVar [[gc.FlushStreamingOnGC:0]]
[2021.12.19-11.23.23:031][  0]LogConfig: Setting CVar [[gc.NumRetriesBeforeForcingGC:10]]
[2021.12.19-11.23.23:031][  0]LogConfig: Setting CVar [[gc.AllowParallelGC:1]]
[2021.12.19-11.23.23:031][  0]LogConfig: Setting CVar [[gc.TimeBetweenPurgingPendingKillObjects:61.1]]
[2021.12.19-11.23.23:031][  0]LogConfig: Setting CVar [[gc.MaxObjectsInEditor:25165824]]
[2021.12.19-11.23.23:031][  0]LogConfig: Setting CVar [[gc.IncrementalBeginDestroyEnabled:1]]
[2021.12.19-11.23.23:031][  0]LogConfig: Setting CVar [[gc.CreateGCClusters:1]]
[2021.12.19-11.23.23:031][  0]LogConfig: Setting CVar [[gc.MinGCClusterSize:5]]
[2021.12.19-11.23.23:031][  0]LogConfig: Setting CVar [[gc.ActorClusteringEnabled:0]]
[2021.12.19-11.23.23:031][  0]LogConfig: Setting CVar [[gc.BlueprintClusteringEnabled:0]]
[2021.12.19-11.23.23:031][  0]LogConfig: Setting CVar [[gc.UseDisregardForGCOnDedicatedServers:0]]
[2021.12.19-11.23.23:031][  0]LogConfig: Setting CVar [[gc.MultithreadedDestructionEnabled:1]]
[2021.12.19-11.23.23:031][  0]LogConfig: Applying CVar settings from Section [/Script/Engine.NetworkSettings] File [E:/mario4/mario4/Saved/Config/Windows/Engine.ini]
[2021.12.19-11.23.23:031][  0]LogConfig: Applying CVar settings from Section [/Script/UnrealEd.CookerSettings] File [E:/mario4/mario4/Saved/Config/Windows/Engine.ini]
[2021.12.19-11.23.23:038][  0]LogConfig: Applying CVar settings from Section [ViewDistanceQuality@3] File [E:/mario4/mario4/Saved/Config/Windows/Scalability.ini]
[2021.12.19-11.23.23:038][  0]LogConfig: Setting CVar [[r.SkeletalMeshLODBias:0]]
[2021.12.19-11.23.23:038][  0]LogConfig: Setting CVar [[r.ViewDistanceScale:1.0]]
[2021.12.19-11.23.23:038][  0]LogConfig: Applying CVar settings from Section [AntiAliasingQuality@3] File [E:/mario4/mario4/Saved/Config/Windows/Scalability.ini]
[2021.12.19-11.23.23:038][  0]LogConfig: Setting CVar [[r.PostProcessAAQuality:4]]
[2021.12.19-11.23.23:038][  0]LogConfig: Applying CVar settings from Section [ShadowQuality@3] File [E:/mario4/mario4/Saved/Config/Windows/Scalability.ini]
[2021.12.19-11.23.23:038][  0]LogConfig: Setting CVar [[r.LightFunctionQuality:1]]
[2021.12.19-11.23.23:038][  0]LogConfig: Setting CVar [[r.ShadowQuality:5]]
[2021.12.19-11.23.23:038][  0]LogConfig: Setting CVar [[r.Shadow.CSM.MaxCascades:10]]
[2021.12.19-11.23.23:038][  0]LogConfig: Setting CVar [[r.Shadow.MaxResolution:2048]]
[2021.12.19-11.23.23:038][  0]LogConfig: Setting CVar [[r.Shadow.MaxCSMResolution:2048]]
[2021.12.19-11.23.23:038][  0]LogConfig: Setting CVar [[r.Shadow.RadiusThreshold:0.01]]
[2021.12.19-11.23.23:038][  0]LogConfig: Setting CVar [[r.Shadow.DistanceScale:1.0]]
[2021.12.19-11.23.23:038][  0]LogConfig: Setting CVar [[r.Shadow.CSM.TransitionScale:1.0]]
[2021.12.19-11.23.23:038][  0]LogConfig: Setting CVar [[r.Shadow.PreShadowResolutionFactor:1.0]]
[2021.12.19-11.23.23:038][  0]LogConfig: Setting CVar [[r.DistanceFieldShadowing:1]]
[2021.12.19-11.23.23:038][  0]LogConfig: Setting CVar [[r.DistanceFieldAO:1]]
[2021.12.19-11.23.23:038][  0]LogConfig: Setting CVar [[r.AOQuality:2]]
[2021.12.19-11.23.23:038][  0]LogConfig: Setting CVar [[r.VolumetricFog:1]]
[2021.12.19-11.23.23:038][  0]LogConfig: Setting CVar [[r.VolumetricFog.GridPixelSize:8]]
[2021.12.19-11.23.23:038][  0]LogConfig: Setting CVar [[r.VolumetricFog.GridSizeZ:128]]
[2021.12.19-11.23.23:038][  0]LogConfig: Setting CVar [[r.VolumetricFog.HistoryMissSupersampleCount:4]]
[2021.12.19-11.23.23:038][  0]LogConfig: Setting CVar [[r.LightMaxDrawDistanceScale:1]]
[2021.12.19-11.23.23:038][  0]LogConfig: Setting CVar [[r.CapsuleShadows:1]]
[2021.12.19-11.23.23:038][  0]LogConfig: Applying CVar settings from Section [PostProcessQuality@3] File [E:/mario4/mario4/Saved/Config/Windows/Scalability.ini]
[2021.12.19-11.23.23:038][  0]LogConfig: Setting CVar [[r.MotionBlurQuality:4]]
[2021.12.19-11.23.23:038][  0]LogConfig: Setting CVar [[r.AmbientOcclusionMipLevelFactor:0.4]]
[2021.12.19-11.23.23:038][  0]LogConfig: Setting CVar [[r.AmbientOcclusionMaxQuality:100]]
[2021.12.19-11.23.23:038][  0]LogConfig: Setting CVar [[r.AmbientOcclusionLevels:-1]]
[2021.12.19-11.23.23:038][  0]LogConfig: Setting CVar [[r.AmbientOcclusionRadiusScale:1.0]]
[2021.12.19-11.23.23:038][  0]LogConfig: Setting CVar [[r.DepthOfFieldQuality:2]]
[2021.12.19-11.23.23:038][  0]LogConfig: Setting CVar [[r.RenderTargetPoolMin:400]]
[2021.12.19-11.23.23:038][  0]LogConfig: Setting CVar [[r.LensFlareQuality:2]]
[2021.12.19-11.23.23:038][  0]LogConfig: Setting CVar [[r.SceneColorFringeQuality:1]]
[2021.12.19-11.23.23:038][  0]LogConfig: Setting CVar [[r.EyeAdaptationQuality:2]]
[2021.12.19-11.23.23:038][  0]LogConfig: Setting CVar [[r.BloomQuality:5]]
[2021.12.19-11.23.23:038][  0]LogConfig: Setting CVar [[r.FastBlurThreshold:100]]
[2021.12.19-11.23.23:038][  0]LogConfig: Setting CVar [[r.Upscale.Quality:3]]
[2021.12.19-11.23.23:038][  0]LogConfig: Setting CVar [[r.Tonemapper.GrainQuantization:1]]
[2021.12.19-11.23.23:038][  0]LogConfig: Setting CVar [[r.LightShaftQuality:1]]
[2021.12.19-11.23.23:039][  0]LogConfig: Setting CVar [[r.Filter.SizeScale:1]]
[2021.12.19-11.23.23:039][  0]LogConfig: Setting CVar [[r.Tonemapper.Quality:5]]
[2021.12.19-11.23.23:039][  0]LogConfig: Setting CVar [[r.DOF.Gather.AccumulatorQuality:1        ; higher gathering accumulator quality]]
[2021.12.19-11.23.23:039][  0]LogConfig: Setting CVar [[r.DOF.Gather.PostfilterMethod:1          ; Median3x3 postfilering method]]
[2021.12.19-11.23.23:039][  0]LogConfig: Setting CVar [[r.DOF.Gather.EnableBokehSettings:0       ; no bokeh simulation when gathering]]
[2021.12.19-11.23.23:039][  0]LogConfig: Setting CVar [[r.DOF.Gather.RingCount:4                 ; medium number of samples when gathering]]
[2021.12.19-11.23.23:039][  0]LogConfig: Setting CVar [[r.DOF.Scatter.ForegroundCompositing:1    ; additive foreground scattering]]
[2021.12.19-11.23.23:039][  0]LogConfig: Setting CVar [[r.DOF.Scatter.BackgroundCompositing:2    ; additive background scattering]]
[2021.12.19-11.23.23:039][  0]LogConfig: Setting CVar [[r.DOF.Scatter.EnableBokehSettings:1      ; bokeh simulation when scattering]]
[2021.12.19-11.23.23:039][  0]LogConfig: Setting CVar [[r.DOF.Scatter.MaxSpriteRatio:0.1         ; only a maximum of 10% of scattered bokeh]]
[2021.12.19-11.23.23:039][  0]LogConfig: Setting CVar [[r.DOF.Recombine.Quality:1                ; cheap slight out of focus]]
[2021.12.19-11.23.23:039][  0]LogConfig: Setting CVar [[r.DOF.Recombine.EnableBokehSettings:0    ; no bokeh simulation on slight out of focus]]
[2021.12.19-11.23.23:039][  0]LogConfig: Setting CVar [[r.DOF.TemporalAAQuality:1                ; more stable temporal accumulation]]
[2021.12.19-11.23.23:039][  0]LogConfig: Setting CVar [[r.DOF.Kernel.MaxForegroundRadius:0.025]]
[2021.12.19-11.23.23:039][  0]LogConfig: Setting CVar [[r.DOF.Kernel.MaxBackgroundRadius:0.025]]
[2021.12.19-11.23.23:039][  0]LogConfig: Applying CVar settings from Section [TextureQuality@3] File [E:/mario4/mario4/Saved/Config/Windows/Scalability.ini]
[2021.12.19-11.23.23:039][  0]LogConfig: Setting CVar [[r.Streaming.MipBias:0]]
[2021.12.19-11.23.23:039][  0]LogConfig: Setting CVar [[r.Streaming.AmortizeCPUToGPUCopy:0]]
[2021.12.19-11.23.23:039][  0]LogConfig: Setting CVar [[r.Streaming.MaxNumTexturesToStreamPerFrame:0]]
[2021.12.19-11.23.23:039][  0]LogConfig: Setting CVar [[r.Streaming.Boost:1]]
[2021.12.19-11.23.23:039][  0]LogConfig: Setting CVar [[r.MaxAnisotropy:8]]
[2021.12.19-11.23.23:039][  0]LogConfig: Setting CVar [[r.VT.MaxAnisotropy:8]]
[2021.12.19-11.23.23:039][  0]LogConfig: Setting CVar [[r.Streaming.LimitPoolSizeToVRAM:0]]
[2021.12.19-11.23.23:039][  0]LogConfig: Setting CVar [[r.Streaming.PoolSize:1000]]
[2021.12.19-11.23.23:039][  0]LogConfig: Setting CVar [[r.Streaming.MaxEffectiveScreenSize:0]]
[2021.12.19-11.23.23:039][  0]LogConfig: Applying CVar settings from Section [EffectsQuality@3] File [E:/mario4/mario4/Saved/Config/Windows/Scalability.ini]
[2021.12.19-11.23.23:039][  0]LogConfig: Setting CVar [[r.TranslucencyLightingVolumeDim:64]]
[2021.12.19-11.23.23:039][  0]LogConfig: Setting CVar [[r.RefractionQuality:2]]
[2021.12.19-11.23.23:039][  0]LogConfig: Setting CVar [[r.SSR.Quality:3]]
[2021.12.19-11.23.23:039][  0]LogConfig: Setting CVar [[r.SSR.HalfResSceneColor:0]]
[2021.12.19-11.23.23:039][  0]LogConfig: Setting CVar [[r.SceneColorFormat:4]]
[2021.12.19-11.23.23:039][  0]LogConfig: Setting CVar [[r.DetailMode:2]]
[2021.12.19-11.23.23:039][  0]LogConfig: Setting CVar [[r.TranslucencyVolumeBlur:1]]
[2021.12.19-11.23.23:039][  0]LogConfig: Setting CVar [[r.MaterialQualityLevel:1 ; High quality]]
[2021.12.19-11.23.23:039][  0]LogConfig: Setting CVar [[r.AnisotropicMaterials:1]]
[2021.12.19-11.23.23:039][  0]LogConfig: Setting CVar [[r.SSS.Scale:1]]
[2021.12.19-11.23.23:039][  0]LogConfig: Setting CVar [[r.SSS.SampleSet:2]]
[2021.12.19-11.23.23:039][  0]LogConfig: Setting CVar [[r.SSS.Quality:1]]
[2021.12.19-11.23.23:039][  0]LogConfig: Setting CVar [[r.SSS.HalfRes:0]]
[2021.12.19-11.23.23:039][  0]LogConfig: Setting CVar [[r.SSGI.Quality:3]]
[2021.12.19-11.23.23:039][  0]LogConfig: Setting CVar [[r.EmitterSpawnRateScale:1.0]]
[2021.12.19-11.23.23:039][  0]LogConfig: Setting CVar [[r.ParticleLightQuality:2]]
[2021.12.19-11.23.23:039][  0]LogConfig: Setting CVar [[r.SkyAtmosphere.AerialPerspectiveLUT.FastApplyOnOpaque:1 ; Always have FastSkyLUT 1 in this case to avoid wrong sky]]
[2021.12.19-11.23.23:039][  0]LogConfig: Setting CVar [[r.SkyAtmosphere.AerialPerspectiveLUT.SampleCountMaxPerSlice:4]]
[2021.12.19-11.23.23:039][  0]LogConfig: Setting CVar [[r.SkyAtmosphere.AerialPerspectiveLUT.DepthResolution:16.0]]
[2021.12.19-11.23.23:039][  0]LogConfig: Setting CVar [[r.SkyAtmosphere.FastSkyLUT:1]]
[2021.12.19-11.23.23:039][  0]LogConfig: Setting CVar [[r.SkyAtmosphere.FastSkyLUT.SampleCountMin:4.0]]
[2021.12.19-11.23.23:039][  0]LogConfig: Setting CVar [[r.SkyAtmosphere.FastSkyLUT.SampleCountMax:128.0]]
[2021.12.19-11.23.23:039][  0]LogConfig: Setting CVar [[r.SkyAtmosphere.SampleCountMin:4.0]]
[2021.12.19-11.23.23:039][  0]LogConfig: Setting CVar [[r.SkyAtmosphere.SampleCountMax:128.0]]
[2021.12.19-11.23.23:039][  0]LogConfig: Setting CVar [[r.SkyAtmosphere.TransmittanceLUT.UseSmallFormat:0]]
[2021.12.19-11.23.23:039][  0]LogConfig: Setting CVar [[r.SkyAtmosphere.TransmittanceLUT.SampleCount:10.0]]
[2021.12.19-11.23.23:039][  0]LogConfig: Setting CVar [[r.SkyAtmosphere.MultiScatteringLUT.SampleCount:15.0]]
[2021.12.19-11.23.23:039][  0]LogConfig: Setting CVar [[r.SkyLight.RealTimeReflectionCapture:1]]
[2021.12.19-11.23.23:039][  0]LogConfig: Applying CVar settings from Section [FoliageQuality@3] File [E:/mario4/mario4/Saved/Config/Windows/Scalability.ini]
[2021.12.19-11.23.23:039][  0]LogConfig: Setting CVar [[foliage.DensityScale:1.0]]
[2021.12.19-11.23.23:039][  0]LogConfig: Setting CVar [[grass.DensityScale:1.0]]
[2021.12.19-11.23.23:039][  0]LogConfig: Applying CVar settings from Section [ShadingQuality@3] File [E:/mario4/mario4/Saved/Config/Windows/Scalability.ini]
[2021.12.19-11.23.23:039][  0]LogConfig: Setting CVar [[r.HairStrands.SkyLighting.IntegrationType:2]]
[2021.12.19-11.23.23:039][  0]LogConfig: Setting CVar [[r.HairStrands.SkyAO.SampleCount:4]]
[2021.12.19-11.23.23:039][  0]LogConfig: Setting CVar [[r.HairStrands.Visibility.MSAA.SamplePerPixel:4]]
[2021.12.19-11.23.23:039][  0]LogInit: Selected Device Profile: [Windows]
[2021.12.19-11.23.23:039][  0]LogInit: Applying CVar settings loaded from the selected device profile: [Windows]
[2021.12.19-11.23.23:039][  0]LogHAL: Display: Platform has ~ 16 GB [17128513536 / 17179869184 / 16], which maps to Larger [LargestMinGB=32, LargerMinGB=12, DefaultMinGB=8, SmallerMinGB=6, SmallestMinGB=0)
[2021.12.19-11.23.23:039][  0]LogInit: Going up to parent DeviceProfile []
[2021.12.19-11.23.23:039][  0]LogConfig: Applying CVar settings from Section [ViewDistanceQuality@3] File [E:/mario4/mario4/Saved/Config/Windows/Scalability.ini]
[2021.12.19-11.23.23:039][  0]LogConfig: Setting CVar [[r.SkeletalMeshLODBias:0]]
[2021.12.19-11.23.23:039][  0]LogConfig: Setting CVar [[r.ViewDistanceScale:1.0]]
[2021.12.19-11.23.23:039][  0]LogConfig: Applying CVar settings from Section [AntiAliasingQuality@3] File [E:/mario4/mario4/Saved/Config/Windows/Scalability.ini]
[2021.12.19-11.23.23:039][  0]LogConfig: Setting CVar [[r.PostProcessAAQuality:4]]
[2021.12.19-11.23.23:039][  0]LogConfig: Applying CVar settings from Section [ShadowQuality@3] File [E:/mario4/mario4/Saved/Config/Windows/Scalability.ini]
[2021.12.19-11.23.23:039][  0]LogConfig: Setting CVar [[r.LightFunctionQuality:1]]
[2021.12.19-11.23.23:039][  0]LogConfig: Setting CVar [[r.ShadowQuality:5]]
[2021.12.19-11.23.23:039][  0]LogConfig: Setting CVar [[r.Shadow.CSM.MaxCascades:10]]
[2021.12.19-11.23.23:039][  0]LogConfig: Setting CVar [[r.Shadow.MaxResolution:2048]]
[2021.12.19-11.23.23:040][  0]LogConfig: Setting CVar [[r.Shadow.MaxCSMResolution:2048]]
[2021.12.19-11.23.23:040][  0]LogConfig: Setting CVar [[r.Shadow.RadiusThreshold:0.01]]
[2021.12.19-11.23.23:040][  0]LogConfig: Setting CVar [[r.Shadow.DistanceScale:1.0]]
[2021.12.19-11.23.23:040][  0]LogConfig: Setting CVar [[r.Shadow.CSM.TransitionScale:1.0]]
[2021.12.19-11.23.23:040][  0]LogConfig: Setting CVar [[r.Shadow.PreShadowResolutionFactor:1.0]]
[2021.12.19-11.23.23:040][  0]LogConfig: Setting CVar [[r.DistanceFieldShadowing:1]]
[2021.12.19-11.23.23:040][  0]LogConfig: Setting CVar [[r.DistanceFieldAO:1]]
[2021.12.19-11.23.23:040][  0]LogConfig: Setting CVar [[r.AOQuality:2]]
[2021.12.19-11.23.23:040][  0]LogConfig: Setting CVar [[r.VolumetricFog:1]]
[2021.12.19-11.23.23:040][  0]LogConfig: Setting CVar [[r.VolumetricFog.GridPixelSize:8]]
[2021.12.19-11.23.23:040][  0]LogConfig: Setting CVar [[r.VolumetricFog.GridSizeZ:128]]
[2021.12.19-11.23.23:040][  0]LogConfig: Setting CVar [[r.VolumetricFog.HistoryMissSupersampleCount:4]]
[2021.12.19-11.23.23:040][  0]LogConfig: Setting CVar [[r.LightMaxDrawDistanceScale:1]]
[2021.12.19-11.23.23:040][  0]LogConfig: Setting CVar [[r.CapsuleShadows:1]]
[2021.12.19-11.23.23:040][  0]LogConfig: Applying CVar settings from Section [PostProcessQuality@3] File [E:/mario4/mario4/Saved/Config/Windows/Scalability.ini]
[2021.12.19-11.23.23:040][  0]LogConfig: Setting CVar [[r.MotionBlurQuality:4]]
[2021.12.19-11.23.23:040][  0]LogConfig: Setting CVar [[r.AmbientOcclusionMipLevelFactor:0.4]]
[2021.12.19-11.23.23:040][  0]LogConfig: Setting CVar [[r.AmbientOcclusionMaxQuality:100]]
[2021.12.19-11.23.23:040][  0]LogConfig: Setting CVar [[r.AmbientOcclusionLevels:-1]]
[2021.12.19-11.23.23:040][  0]LogConfig: Setting CVar [[r.AmbientOcclusionRadiusScale:1.0]]
[2021.12.19-11.23.23:040][  0]LogConfig: Setting CVar [[r.DepthOfFieldQuality:2]]
[2021.12.19-11.23.23:040][  0]LogConfig: Setting CVar [[r.RenderTargetPoolMin:400]]
[2021.12.19-11.23.23:040][  0]LogConfig: Setting CVar [[r.LensFlareQuality:2]]
[2021.12.19-11.23.23:040][  0]LogConfig: Setting CVar [[r.SceneColorFringeQuality:1]]
[2021.12.19-11.23.23:040][  0]LogConfig: Setting CVar [[r.EyeAdaptationQuality:2]]
[2021.12.19-11.23.23:040][  0]LogConfig: Setting CVar [[r.BloomQuality:5]]
[2021.12.19-11.23.23:040][  0]LogConfig: Setting CVar [[r.FastBlurThreshold:100]]
[2021.12.19-11.23.23:040][  0]LogConfig: Setting CVar [[r.Upscale.Quality:3]]
[2021.12.19-11.23.23:040][  0]LogConfig: Setting CVar [[r.Tonemapper.GrainQuantization:1]]
[2021.12.19-11.23.23:040][  0]LogConfig: Setting CVar [[r.LightShaftQuality:1]]
[2021.12.19-11.23.23:040][  0]LogConfig: Setting CVar [[r.Filter.SizeScale:1]]
[2021.12.19-11.23.23:040][  0]LogConfig: Setting CVar [[r.Tonemapper.Quality:5]]
[2021.12.19-11.23.23:040][  0]LogConfig: Setting CVar [[r.DOF.Gather.AccumulatorQuality:1        ; higher gathering accumulator quality]]
[2021.12.19-11.23.23:040][  0]LogConfig: Setting CVar [[r.DOF.Gather.PostfilterMethod:1          ; Median3x3 postfilering method]]
[2021.12.19-11.23.23:040][  0]LogConfig: Setting CVar [[r.DOF.Gather.EnableBokehSettings:0       ; no bokeh simulation when gathering]]
[2021.12.19-11.23.23:040][  0]LogConfig: Setting CVar [[r.DOF.Gather.RingCount:4                 ; medium number of samples when gathering]]
[2021.12.19-11.23.23:040][  0]LogConfig: Setting CVar [[r.DOF.Scatter.ForegroundCompositing:1    ; additive foreground scattering]]
[2021.12.19-11.23.23:040][  0]LogConfig: Setting CVar [[r.DOF.Scatter.BackgroundCompositing:2    ; additive background scattering]]
[2021.12.19-11.23.23:040][  0]LogConfig: Setting CVar [[r.DOF.Scatter.EnableBokehSettings:1      ; bokeh simulation when scattering]]
[2021.12.19-11.23.23:040][  0]LogConfig: Setting CVar [[r.DOF.Scatter.MaxSpriteRatio:0.1         ; only a maximum of 10% of scattered bokeh]]
[2021.12.19-11.23.23:040][  0]LogConfig: Setting CVar [[r.DOF.Recombine.Quality:1                ; cheap slight out of focus]]
[2021.12.19-11.23.23:040][  0]LogConfig: Setting CVar [[r.DOF.Recombine.EnableBokehSettings:0    ; no bokeh simulation on slight out of focus]]
[2021.12.19-11.23.23:040][  0]LogConfig: Setting CVar [[r.DOF.TemporalAAQuality:1                ; more stable temporal accumulation]]
[2021.12.19-11.23.23:040][  0]LogConfig: Setting CVar [[r.DOF.Kernel.MaxForegroundRadius:0.025]]
[2021.12.19-11.23.23:040][  0]LogConfig: Setting CVar [[r.DOF.Kernel.MaxBackgroundRadius:0.025]]
[2021.12.19-11.23.23:040][  0]LogConfig: Applying CVar settings from Section [TextureQuality@3] File [E:/mario4/mario4/Saved/Config/Windows/Scalability.ini]
[2021.12.19-11.23.23:040][  0]LogConfig: Setting CVar [[r.Streaming.MipBias:0]]
[2021.12.19-11.23.23:040][  0]LogConfig: Setting CVar [[r.Streaming.AmortizeCPUToGPUCopy:0]]
[2021.12.19-11.23.23:040][  0]LogConfig: Setting CVar [[r.Streaming.MaxNumTexturesToStreamPerFrame:0]]
[2021.12.19-11.23.23:040][  0]LogConfig: Setting CVar [[r.Streaming.Boost:1]]
[2021.12.19-11.23.23:040][  0]LogConfig: Setting CVar [[r.MaxAnisotropy:8]]
[2021.12.19-11.23.23:040][  0]LogConfig: Setting CVar [[r.VT.MaxAnisotropy:8]]
[2021.12.19-11.23.23:040][  0]LogConfig: Setting CVar [[r.Streaming.LimitPoolSizeToVRAM:0]]
[2021.12.19-11.23.23:040][  0]LogConfig: Setting CVar [[r.Streaming.PoolSize:1000]]
[2021.12.19-11.23.23:040][  0]LogConfig: Setting CVar [[r.Streaming.MaxEffectiveScreenSize:0]]
[2021.12.19-11.23.23:040][  0]LogConfig: Applying CVar settings from Section [EffectsQuality@3] File [E:/mario4/mario4/Saved/Config/Windows/Scalability.ini]
[2021.12.19-11.23.23:040][  0]LogConfig: Setting CVar [[r.TranslucencyLightingVolumeDim:64]]
[2021.12.19-11.23.23:040][  0]LogConfig: Setting CVar [[r.RefractionQuality:2]]
[2021.12.19-11.23.23:040][  0]LogConfig: Setting CVar [[r.SSR.Quality:3]]
[2021.12.19-11.23.23:040][  0]LogConfig: Setting CVar [[r.SSR.HalfResSceneColor:0]]
[2021.12.19-11.23.23:040][  0]LogConfig: Setting CVar [[r.SceneColorFormat:4]]
[2021.12.19-11.23.23:040][  0]LogConfig: Setting CVar [[r.DetailMode:2]]
[2021.12.19-11.23.23:040][  0]LogConfig: Setting CVar [[r.TranslucencyVolumeBlur:1]]
[2021.12.19-11.23.23:040][  0]LogConfig: Setting CVar [[r.MaterialQualityLevel:1 ; High quality]]
[2021.12.19-11.23.23:040][  0]LogConfig: Setting CVar [[r.AnisotropicMaterials:1]]
[2021.12.19-11.23.23:040][  0]LogConfig: Setting CVar [[r.SSS.Scale:1]]
[2021.12.19-11.23.23:040][  0]LogConfig: Setting CVar [[r.SSS.SampleSet:2]]
[2021.12.19-11.23.23:040][  0]LogConfig: Setting CVar [[r.SSS.Quality:1]]
[2021.12.19-11.23.23:040][  0]LogConfig: Setting CVar [[r.SSS.HalfRes:0]]
[2021.12.19-11.23.23:040][  0]LogConfig: Setting CVar [[r.SSGI.Quality:3]]
[2021.12.19-11.23.23:040][  0]LogConfig: Setting CVar [[r.EmitterSpawnRateScale:1.0]]
[2021.12.19-11.23.23:040][  0]LogConfig: Setting CVar [[r.ParticleLightQuality:2]]
[2021.12.19-11.23.23:040][  0]LogConfig: Setting CVar [[r.SkyAtmosphere.AerialPerspectiveLUT.FastApplyOnOpaque:1 ; Always have FastSkyLUT 1 in this case to avoid wrong sky]]
[2021.12.19-11.23.23:040][  0]LogConfig: Setting CVar [[r.SkyAtmosphere.AerialPerspectiveLUT.SampleCountMaxPerSlice:4]]
[2021.12.19-11.23.23:040][  0]LogConfig: Setting CVar [[r.SkyAtmosphere.AerialPerspectiveLUT.DepthResolution:16.0]]
[2021.12.19-11.23.23:040][  0]LogConfig: Setting CVar [[r.SkyAtmosphere.FastSkyLUT:1]]
[2021.12.19-11.23.23:040][  0]LogConfig: Setting CVar [[r.SkyAtmosphere.FastSkyLUT.SampleCountMin:4.0]]
[2021.12.19-11.23.23:040][  0]LogConfig: Setting CVar [[r.SkyAtmosphere.FastSkyLUT.SampleCountMax:128.0]]
[2021.12.19-11.23.23:040][  0]LogConfig: Setting CVar [[r.SkyAtmosphere.SampleCountMin:4.0]]
[2021.12.19-11.23.23:040][  0]LogConfig: Setting CVar [[r.SkyAtmosphere.SampleCountMax:128.0]]
[2021.12.19-11.23.23:040][  0]LogConfig: Setting CVar [[r.SkyAtmosphere.TransmittanceLUT.UseSmallFormat:0]]
[2021.12.19-11.23.23:040][  0]LogConfig: Setting CVar [[r.SkyAtmosphere.TransmittanceLUT.SampleCount:10.0]]
[2021.12.19-11.23.23:040][  0]LogConfig: Setting CVar [[r.SkyAtmosphere.MultiScatteringLUT.SampleCount:15.0]]
[2021.12.19-11.23.23:040][  0]LogConfig: Setting CVar [[r.SkyLight.RealTimeReflectionCapture:1]]
[2021.12.19-11.23.23:040][  0]LogConfig: Applying CVar settings from Section [FoliageQuality@3] File [E:/mario4/mario4/Saved/Config/Windows/Scalability.ini]
[2021.12.19-11.23.23:040][  0]LogConfig: Setting CVar [[foliage.DensityScale:1.0]]
[2021.12.19-11.23.23:040][  0]LogConfig: Setting CVar [[grass.DensityScale:1.0]]
[2021.12.19-11.23.23:040][  0]LogConfig: Applying CVar settings from Section [ShadingQuality@3] File [E:/mario4/mario4/Saved/Config/Windows/Scalability.ini]
[2021.12.19-11.23.23:041][  0]LogConfig: Setting CVar [[r.HairStrands.SkyLighting.IntegrationType:2]]
[2021.12.19-11.23.23:041][  0]LogConfig: Setting CVar [[r.HairStrands.SkyAO.SampleCount:4]]
[2021.12.19-11.23.23:041][  0]LogConfig: Setting CVar [[r.HairStrands.Visibility.MSAA.SamplePerPixel:4]]
[2021.12.19-11.23.23:041][  0]LogConfig: Applying CVar settings from Section [Startup] File [../../../Engine/Config/ConsoleVariables.ini]
[2021.12.19-11.23.23:041][  0]LogConfig: Setting CVar [[net.UseAdaptiveNetUpdateFrequency:0]]
[2021.12.19-11.23.23:041][  0]LogConfig: Setting CVar [[p.chaos.AllowCreatePhysxBodies:1]]
[2021.12.19-11.23.23:041][  0]LogConfig: Setting CVar [[fx.SkipVectorVMBackendOptimizations:1]]
[2021.12.19-11.23.23:041][  0]LogConfig: Applying CVar settings from Section [ConsoleVariables] File [E:/mario4/mario4/Saved/Config/Windows/Engine.ini]
[2021.12.19-11.23.23:041][  0]LogConfig: Applying CVar settings from Section [ConsoleVariables] File [E:/mario4/mario4/Saved/Config/Windows/Editor.ini]
[2021.12.19-11.23.23:041][  0]LogInit: Computer: DESKTOP-P6MI6F8
[2021.12.19-11.23.23:041][  0]LogInit: User: cannd
[2021.12.19-11.23.23:041][  0]LogInit: CPU Page size=4096, Cores=6
[2021.12.19-11.23.23:041][  0]LogInit: High frequency timer resolution =10.000000 MHz
[2021.12.19-11.23.23:041][  0]LogMemory: Memory total: Physical=16.0GB (16GB approx)
[2021.12.19-11.23.23:041][  0]LogMemory: Platform Memory Stats for Windows
[2021.12.19-11.23.23:041][  0]LogMemory: Process Physical Memory: 148.37 MB used, 148.38 MB peak
[2021.12.19-11.23.23:041][  0]LogMemory: Process Virtual Memory: 124.00 MB used, 124.00 MB peak
[2021.12.19-11.23.23:041][  0]LogMemory: Physical Memory: 7759.89 MB used,  8575.14 MB free, 16335.02 MB total
[2021.12.19-11.23.23:041][  0]LogMemory: Virtual Memory: 134211520.00 MB used,  6210.12 MB free, 134217728.00 MB total
[2021.12.19-11.23.23:048][  0]LogWindows: WindowsPlatformFeatures enabled
[2021.12.19-11.23.24:340][  0]LogInit: Physics initialised using underlying interface: PhysX
[2021.12.19-11.23.24:360][  0]LogInit: Using OS detected language (ru-RU).
[2021.12.19-11.23.24:360][  0]LogInit: Using OS detected locale (ru-RU).
[2021.12.19-11.23.24:606][  0]LogTextLocalizationManager: No specific localization for 'ru-RU' exists, so the 'ru' localization will be used.
[2021.12.19-11.23.24:606][  0]LogTextLocalizationResource: LocRes '../../../Engine/Content/Localization/Editor/ru/Editor.locres' could not be opened for reading!
[2021.12.19-11.23.24:607][  0]LogTextLocalizationResource: LocRes '../../../Engine/Content/Localization/EditorTutorials/ru/EditorTutorials.locres' could not be opened for reading!
[2021.12.19-11.23.24:607][  0]LogTextLocalizationResource: LocRes '../../../Engine/Content/Localization/Keywords/ru/Keywords.locres' could not be opened for reading!
[2021.12.19-11.23.24:607][  0]LogTextLocalizationResource: LocRes '../../../Engine/Content/Localization/Category/ru/Category.locres' could not be opened for reading!
[2021.12.19-11.23.24:607][  0]LogTextLocalizationResource: LocRes '../../../Engine/Content/Localization/ToolTips/ru/ToolTips.locres' could not be opened for reading!
[2021.12.19-11.23.24:607][  0]LogTextLocalizationResource: LocRes '../../../Engine/Content/Localization/PropertyNames/ru/PropertyNames.locres' could not be opened for reading!
[2021.12.19-11.23.24:607][  0]LogTextLocalizationResource: LocRes '../../../Engine/Content/Localization/Engine/ru/Engine.locres' could not be opened for reading!
[2021.12.19-11.23.24:695][  0]LogInit: Setting process to per monitor DPI aware
[2021.12.19-11.23.24:836][  0]LogWindowsTextInputMethodSystem: Display: IME system deactivated.
[2021.12.19-11.23.25:170][  0]LogSlate: New Slate User Created.  User Index 0, Is Virtual User: 0
[2021.12.19-11.23.25:170][  0]LogSlate: Slate User Registered.  User Index 0, Is Virtual User: 0
[2021.12.19-11.23.26:355][  0]LogD3D11RHI: Loaded GFSDK_Aftermath_Lib.x64.dll
[2021.12.19-11.23.26:358][  0]LogHMD: Failed to initialize OpenVR with code 110
[2021.12.19-11.23.26:358][  0]LogD3D11RHI: D3D11 min allowed feature level: 11_0
[2021.12.19-11.23.26:358][  0]LogD3D11RHI: D3D11 max allowed feature level: 11_0
[2021.12.19-11.23.26:358][  0]LogD3D11RHI: D3D11 adapters:
[2021.12.19-11.23.26:415][  0]LogD3D11RHI:    0. 'Radeon RX 5500 XT' (Feature Level 11_0)
[2021.12.19-11.23.26:415][  0]LogD3D11RHI:       8151/0/8167 MB DedicatedVideo/DedicatedSystem/SharedSystem, Outputs:1, VendorId:0x1002
[2021.12.19-11.23.26:423][  0]LogD3D11RHI:    1. 'Microsoft Basic Render Driver' (Feature Level 11_0)
[2021.12.19-11.23.26:423][  0]LogD3D11RHI:       0/0/8167 MB DedicatedVideo/DedicatedSystem/SharedSystem, Outputs:0, VendorId:0x1414
[2021.12.19-11.23.26:423][  0]LogD3D11RHI: Chosen D3D11 Adapter:
[2021.12.19-11.23.26:424][  0]LogD3D11RHI:     Description : Radeon RX 5500 XT
[2021.12.19-11.23.26:424][  0]LogD3D11RHI:     VendorId    : 1002
[2021.12.19-11.23.26:424][  0]LogD3D11RHI:     DeviceId    : 7340
[2021.12.19-11.23.26:424][  0]LogD3D11RHI:     SubSysId    : 23191458
[2021.12.19-11.23.26:424][  0]LogD3D11RHI:     Revision    : 00c5
[2021.12.19-11.23.26:424][  0]LogD3D11RHI:     DedicatedVideoMemory : 8547856384 bytes
[2021.12.19-11.23.26:424][  0]LogD3D11RHI:     DedicatedSystemMemory : 0 bytes
[2021.12.19-11.23.26:424][  0]LogD3D11RHI:     SharedSystemMemory : 8564256768 bytes
[2021.12.19-11.23.26:424][  0]LogD3D11RHI:     AdapterLuid : 0 55450
[2021.12.19-11.23.26:430][  0]LogD3D11RHI: Creating new Direct3DDevice
[2021.12.19-11.23.26:430][  0]LogD3D11RHI:     GPU DeviceId: 0x7340 (for the marketing name, search the web for "GPU Device Id")
[2021.12.19-11.23.26:430][  0]LogWindows: EnumDisplayDevices:
[2021.12.19-11.23.26:430][  0]LogWindows:    0. 'Radeon RX 5500 XT' (P:1 D:1)
[2021.12.19-11.23.26:430][  0]LogWindows:    1. 'Radeon RX 5500 XT' (P:0 D:0)
[2021.12.19-11.23.26:431][  0]LogWindows:    2. 'Radeon RX 5500 XT' (P:0 D:0)
[2021.12.19-11.23.26:431][  0]LogWindows:    3. 'Radeon RX 5500 XT' (P:0 D:0)
[2021.12.19-11.23.26:431][  0]LogWindows:    4. 'Radeon RX 5500 XT' (P:0 D:0)
[2021.12.19-11.23.26:431][  0]LogWindows:    5. 'Radeon RX 5500 XT' (P:0 D:0)
[2021.12.19-11.23.26:432][  0]LogWindows: DebugString: FoundDriverCount:6 
[2021.12.19-11.23.26:432][  0]LogD3D11RHI:     Adapter Name: Radeon RX 5500 XT
[2021.12.19-11.23.26:432][  0]LogD3D11RHI:   Driver Version: Adrenalin 2020 21.12.1 (internal:30.0.14011.3017, unified:30.0.14011.3017)
[2021.12.19-11.23.26:432][  0]LogD3D11RHI:      Driver Date: 12-1-2021
[2021.12.19-11.23.26:432][  0]LogRHI: Texture pool is 5168 MB (70% of 7383 MB)
[2021.12.19-11.23.26:457][  0]LogD3D11RHI: Creating D3DDevice with AMD AGS, using adapter:
[2021.12.19-11.23.26:457][  0]LogD3D11RHI:     Description : Radeon RX 5500 XT
[2021.12.19-11.23.26:457][  0]LogD3D11RHI:     VendorId    : 1002
[2021.12.19-11.23.26:457][  0]LogD3D11RHI:     DeviceId    : 7340
[2021.12.19-11.23.26:457][  0]LogD3D11RHI:     SubSysId    : 23191458
[2021.12.19-11.23.26:457][  0]LogD3D11RHI:     Revision    : 00c5
[2021.12.19-11.23.26:457][  0]LogD3D11RHI:     DedicatedVideoMemory : 8547856384 bytes
[2021.12.19-11.23.26:457][  0]LogD3D11RHI:     DedicatedSystemMemory : 0 bytes
[2021.12.19-11.23.26:457][  0]LogD3D11RHI:     SharedSystemMemory : 8564256768 bytes
[2021.12.19-11.23.26:457][  0]LogD3D11RHI:     AdapterLuid : 0 55450
[2021.12.19-11.23.26:502][  0]LogD3D11RHI: Created device via AGS, feature level 11_0, supported extensions 1fffffbf.
[2021.12.19-11.23.26:502][  0]LogD3D11RHI: RHI has support for 64 bit atomics
[2021.12.19-11.23.26:502][  0]LogD3D11RHI: Async texture creation enabled
[2021.12.19-11.23.26:502][  0]LogD3D11RHI: Array index from any shader is supported
[2021.12.19-11.23.26:518][  0]LogD3D11RHI: GPU Timing Frequency: 100.000000 (Debug: 2 1)
[2021.12.19-11.23.26:859][  0]LogTargetPlatformManager: Display: Loaded TargetPlatform 'AllDesktop'
[2021.12.19-11.23.26:907][  0]LogTargetPlatformManager: Display: Loaded TargetPlatform 'Android'
[2021.12.19-11.23.26:907][  0]LogTargetPlatformManager: Display: Loaded TargetPlatform 'Android_ASTC'
[2021.12.19-11.23.26:907][  0]LogTargetPlatformManager: Display: Loaded TargetPlatform 'Android_DXT'
[2021.12.19-11.23.26:907][  0]LogTargetPlatformManager: Display: Loaded TargetPlatform 'Android_ETC2'
[2021.12.19-11.23.26:907][  0]LogTargetPlatformManager: Display: Loaded TargetPlatform 'AndroidClient'
[2021.12.19-11.23.26:907][  0]LogTargetPlatformManager: Display: Loaded TargetPlatform 'Android_ASTCClient'
[2021.12.19-11.23.26:907][  0]LogTargetPlatformManager: Display: Loaded TargetPlatform 'Android_DXTClient'
[2021.12.19-11.23.26:907][  0]LogTargetPlatformManager: Display: Loaded TargetPlatform 'Android_ETC2Client'
[2021.12.19-11.23.26:907][  0]LogTargetPlatformManager: Display: Loaded TargetPlatform 'Android_Multi'
[2021.12.19-11.23.26:907][  0]LogTargetPlatformManager: Display: Loaded TargetPlatform 'Android_MultiClient'
[2021.12.19-11.23.27:014][  0]LogTargetPlatformManager: Display: Loaded TargetPlatform 'IOSClient'
[2021.12.19-11.23.27:014][  0]LogTargetPlatformManager: Display: Loaded TargetPlatform 'IOS'
[2021.12.19-11.23.27:070][  0]LogTargetPlatformManager: Display: Loaded TargetPlatform 'Linux'
[2021.12.19-11.23.27:097][  0]LogTargetPlatformManager: Display: Loaded TargetPlatform 'LinuxNoEditor'
[2021.12.19-11.23.27:115][  0]LogTargetPlatformManager: Display: Loaded TargetPlatform 'LinuxClient'
[2021.12.19-11.23.27:177][  0]LogTargetPlatformManager: Display: Loaded TargetPlatform 'LinuxServer'
[2021.12.19-11.23.27:210][  0]LogTargetPlatformManager: Display: Loaded TargetPlatform 'LinuxAArch64NoEditor'
[2021.12.19-11.23.27:316][  0]LogTargetPlatformManager: Display: Loaded TargetPlatform 'LinuxAArch64Client'
[2021.12.19-11.23.27:331][  0]LogTargetPlatformManager: Display: Loaded TargetPlatform 'LinuxAArch64Server'
[2021.12.19-11.23.27:371][  0]LogTargetPlatformManager: Display: Loaded TargetPlatform 'Lumin'
[2021.12.19-11.23.27:371][  0]LogTargetPlatformManager: Display: Loaded TargetPlatform 'LuminClient'
[2021.12.19-11.23.27:420][  0]LogTargetPlatformManager: Display: Loaded TargetPlatform 'MacNoEditor'
[2021.12.19-11.23.27:440][  0]LogTargetPlatformManager: Display: Loaded TargetPlatform 'Mac'
[2021.12.19-11.23.27:449][  0]LogTargetPlatformManager: Display: Loaded TargetPlatform 'MacClient'
[2021.12.19-11.23.27:455][  0]LogTargetPlatformManager: Display: Loaded TargetPlatform 'MacServer'
[2021.12.19-11.23.27:467][  0]LogTargetPlatformManager: Display: Loaded TargetPlatform 'TVOSClient'
[2021.12.19-11.23.27:467][  0]LogTargetPlatformManager: Display: Loaded TargetPlatform 'TVOS'
[2021.12.19-11.23.27:504][  0]LogTargetPlatformManager: Display: Loaded TargetPlatform 'WindowsNoEditor'
[2021.12.19-11.23.27:530][  0]LogTargetPlatformManager: Display: Loaded TargetPlatform 'Windows'
[2021.12.19-11.23.27:577][  0]LogTargetPlatformManager: Display: Loaded TargetPlatform 'WindowsClient'
[2021.12.19-11.23.27:589][  0]LogTargetPlatformManager: Display: Loaded TargetPlatform 'WindowsServer'
[2021.12.19-11.23.27:589][  0]LogTargetPlatformManager: Display: Building Assets For Windows
[2021.12.19-11.23.27:750][  0]LogAudioDebug: Display: Lib vorbis DLL was dynamically loaded.
[2021.12.19-11.23.28:097][  0]LogTextureFormatOodle: Display: Oodle Texture 2.9.0 init RDO Off
[2021.12.19-11.23.28:505][  0]LogRendererCore: Ray tracing is disabled. Reason: r.RayTracing=0.
[2021.12.19-11.23.28:505][  0]LogShaderCompilers: Guid format shader working directory is 17 characters bigger than the processId version (../../../../../mario4/mario4/Intermediate/Shaders/WorkingDirectory/12076/).
[2021.12.19-11.23.28:505][  0]LogShaderCompilers: Cleaned the shader compiler working directory 'C:/Users/cannd/AppData/Local/Temp/UnrealShaderWorkingDir/57904C23489A625518148A98F39FDD3A/'.
[2021.12.19-11.23.28:505][  0]LogXGEController: Cannot use XGE Controller as Incredibuild is not installed on this machine.
[2021.12.19-11.23.28:505][  0]LogShaderCompilers: Cannot use XGE Shader Compiler as Incredibuild is not installed on this machine.
[2021.12.19-11.23.28:505][  0]LogShaderCompilers: Display: Using Local Shader Compiler.
[2021.12.19-11.23.31:808][  0]LogDerivedDataCache: Display: Max Cache Size: 512 MB
[2021.12.19-11.23.32:179][  0]LogDerivedDataCache: Loaded boot cache 0.36s 96MB C:/Users/cannd/AppData/Local/UnrealEngine/4.27/DerivedDataCache/Boot.ddc.
[2021.12.19-11.23.32:179][  0]LogDerivedDataCache: Display: Loaded Boot cache: C:/Users/cannd/AppData/Local/UnrealEngine/4.27/DerivedDataCache/Boot.ddc
[2021.12.19-11.23.32:180][  0]LogDerivedDataCache: FDerivedDataBackendGraph:  Pak pak cache file ../../../../../mario4/mario4/DerivedDataCache/DDC.ddp not found, will not use a pak cache.
[2021.12.19-11.23.32:180][  0]LogDerivedDataCache: Unable to find inner node Pak for hierarchical cache Hierarchy.
[2021.12.19-11.23.32:180][  0]LogDerivedDataCache: FDerivedDataBackendGraph:  CompressedPak pak cache file ../../../../../mario4/mario4/DerivedDataCache/Compressed.ddp not found, will not use a pak cache.
[2021.12.19-11.23.32:180][  0]LogDerivedDataCache: Unable to find inner node CompressedPak for hierarchical cache Hierarchy.
[2021.12.19-11.23.32:208][  0]LogDerivedDataCache: Display: Pak cache opened for reading ../../../Engine/DerivedDataCache/Compressed.ddp.
[2021.12.19-11.23.32:209][  0]LogDerivedDataCache: FDerivedDataBackendGraph:  EnterprisePak pak cache file ../../../Enterprise/DerivedDataCache/Compressed.ddp not found, will not use a pak cache.
[2021.12.19-11.23.32:209][  0]LogDerivedDataCache: Unable to find inner node EnterprisePak for hierarchical cache Hierarchy.
[2021.12.19-11.23.32:226][  0]LogDerivedDataCache: Speed tests for C:/Users/cannd/AppData/Local/UnrealEngine/Common/DerivedDataCache took 0.02 seconds
[2021.12.19-11.23.32:227][  0]LogDerivedDataCache: Display: Performance to C:/Users/cannd/AppData/Local/UnrealEngine/Common/DerivedDataCache: Latency=0.08ms. RandomReadSpeed=112.02MBs, RandomWriteSpeed=108.43MBs. Assigned SpeedClass 'Local'
[2021.12.19-11.23.32:228][  0]LogDerivedDataCache: Using Local data cache path C:/Users/cannd/AppData/Local/UnrealEngine/Common/DerivedDataCache: Writable
[2021.12.19-11.23.32:228][  0]LogDerivedDataCache: Shared data cache path not found in *engine.ini, will not use an Shared cache.
[2021.12.19-11.23.32:228][  0]LogDerivedDataCache: Unable to find inner node Shared for hierarchical cache Hierarchy.
[2021.12.19-11.23.32:277][  0]LogSlate: Using FreeType 2.10.0
[2021.12.19-11.23.32:307][  0]LogSlate: SlateFontServices - WITH_FREETYPE: 1, WITH_HARFBUZZ: 1
[2021.12.19-11.23.32:451][  0]LogAssetRegistry: FAssetRegistry took 0.0030 seconds to start up
[2021.12.19-11.23.32:837][  0]LogInit: Selected Device Profile: [Windows]
[2021.12.19-11.23.32:837][  0]LogInit: Active device profile: [0000017E36386C00][0000017E2EAEC440 49] Windows
[2021.12.19-11.23.32:837][  0]LogInit: Profiles: [0000017E36386C00][0000017E2EAEC440 49] Windows, [0000017E362C4200][0000017E29308580 49] WindowsNoEditor, [0000017E362BBF00][0000017E2E5C0700 49] WindowsServer, [0000017E362C7E00][0000017E2E5C4880 49] WindowsClient, [0000017E362B8300][0000017E2E5C8A00 49] IOS, [0000017E362C4100][0000017E2E5CCB80 49] iPadAir, [0000017E362B8200][0000017E2E5D0D00 49] iPadAir2, [0000017E3626D100][0000017E2E5D8FC0 49] IPadPro, [0000017E3626D200][0000017E2E5D5000 49] iPadAir3, [0000017E362B9D00][0000017E34801180 49] iPadAir4, [0000017E3626C400][0000017E34805300 49] iPadMini2, [0000017E362B8E00][0000017E34809480 49] iPadMini3, [0000017E3626D600][0000017E3480D600 49] iPadMini4, [0000017E362B8900][0000017E34811780 49] iPadMini5, [0000017E362C6E00][0000017E34819A40 49] iPhone6, [0000017E362C7000][0000017E34815A80 49] iPodTouch6, [0000017E3626FE00][0000017E348201C0 49] iPhone7, [0000017E3626FA00][0000017E3481C200 49] iPodTouch7, [0000017E362C7A00][0000017E2930C340 49] iPhone5S, [0000017E3626CE00][0000017E34824480 49] iPhone6Plus, [0000017E362C6A00][0000017E348285C0 49] iPhone6S, [0000017E3626F600][0000017E3482C700 49] iPhone6SPlus, [0000017E362C7400][0000017E34834880 49] iPhone7Plus, [0000017E3626F500][0000017E34838A00 49] iPhoneSE, [0000017E362C7F00][0000017E3483CB80 49] iPhone8, [0000017E3626F200][0000017E34840D00 49] iPhone8Plus, [0000017E362C5000][0000017E34844E80 49] iPhoneX, [0000017E3626DD00][0000017E34849000 49] iPhoneXS, [0000017E362C6300][0000017E34B5B180 49] iPhoneXSMax, [0000017E3626EF00][0000017E34B5F300 49] iPhoneXR, [0000017E362C4F00][0000017E34B63480 49] iPhone11, [0000017E3626E000][0000017E34B67600 49] iPhone11Pro, [0000017E362C5E00][0000017E34B6B780 49] iPhone11ProMax, [0000017E3626D500][0000017E34B6F900 49] iPhoneSE2, [0000017E362C5900][0000017E34B73A80 49] iPhone12Mini, [0000017E3626CB00][0000017E34B77C00 49] iPhone12, [0000017E362C6F00][0000017E34B7A200 49] iPhone12Pro, [0000017E3626FB00][0000017E34B7E380 49] iPhone12ProMax, [0000017E362C7800][0000017E34B82500 49] iPadPro105, [0000017E3626C300][0000017E34830640 49] iPadPro129, [0000017E362C6800][0000017E34B86780 49] iPadPro97, [0000017E3626E500][0000017E34B8A8C0 49] iPadPro2_129, [0000017E362C6D00][0000017E34B92A40 49] iPad5, [0000017E3626DC00][0000017E34B96BC0 49] iPad6, [0000017E362C5A00][0000017E34B9AD40 49] iPad7, [0000017E3626F000][0000017E34B9EEC0 49] iPad8, [0000017E362C5700][0000017E286E3040 49] iPadPro11, [0000017E3626D300][0000017E286E71C0 49] iPadPro2_11, [0000017E362C7D00][0000017E286EB340 49] iPadPro3_129, [0000017E3626CC00][0000017E286EF4C0 49] iPadPro4_129, [0000017E362C6700][0000017E286F3640 49] AppleTV, [0000017E3626E300][0000017E286F77C0 49] AppleTV4K, [0000017E362C4D00][0000017E286FB940 49] TVOS, [0000017E3626DE00][0000017E286FFAC0 49] Mac, [0000017E362C6C00][0000017E287020C0 49] MacClient, [0000017E3626ED00][0000017E28706240 49] MacNoEditor, [0000017E362C5C00][0000017E2870A3C0 49] MacServer, [0000017E3626C100][0000017E34BA2540 49] Linux, [0000017E362C6900][0000017E34BA66C0 49] LinuxAArch64, [0000017E3626CD00][0000017E34B8E800 49] LinuxNoEditor, [0000017E362C5600][0000017E34BAA940 49] LinuxAArch64NoEditor, [0000017E3626F300][0000017E34BAEA80 49] LinuxClient, [0000017E362C6B00][0000017E34BB2BC0 49] LinuxAArch64Client, [0000017E3626C600][0000017E34BBAD40 49] LinuxServer, [0000017E362C6200][0000017E34BBEEC0 49] LinuxAArch64Server, [0000017E3626CF00][0000017E34BC3040 49] Android, [0000017E362C4700][0000017E34BC71C0 49] Android_Low, [0000017E3626C500][0000017E34BCB340 49] Android_Mid, [0000017E362C6600][0000017E1B8D94C0 49] Android_High, [0000017E3626E700][0000017E1B8DD640 49] Android_Default, [0000017E362BB900][0000017E1B8E17C0 49] Android_Adreno4xx, [0000017E36385400][0000017E1B8E5940 49] Android_Adreno5xx_Low, [0000017E362BAE00][0000017E1B8E9AC0 49] Android_Adreno5xx, [0000017E36384B00][0000017E1B8EC0C0 49] Android_Adreno6xx, [0000017E362BAB00][0000017E1B8F0240 49] Android_Adreno6xx_Vulkan, [0000017E36386400][0000017E1B8F43C0 49] Android_Mali_T6xx, [0000017E362B9900][0000017E1B8F8540 49] Android_Mali_T7xx, [0000017E36384100][0000017E1B8FC6C0 49] Android_Mali_T8xx, [0000017E362B9100][0000017E1B900840 49] Android_Mali_G71, [0000017E36386200][0000017E34BB6980 49] Android_Mali_G72, [0000017E362B9A00][0000017E1B904AC0 49] Android_Mali_G72_Vulkan, [0000017E36385100][0000017E35E32C00 49] Android_Mali_G76, [0000017E362BB100][0000017E35E36D40 49] Android_Mali_G76_Vulkan, [0000017E36385D00][0000017E35E3EEC0 49] Android_Mali_G77, [0000017E362B9F00][0000017E35E43040 49] Android_Mali_G77_Vulkan, [0000017E36385000][0000017E35E471C0 49] Android_Mali_G78, [0000017E362BAD00][0000017E35E4B340 49] Android_Mali_G78_Vulkan, [0000017E36387000][0000017E35E4F4C0 49] Android_Mali_G710, [0000017E362BB800][0000017E35E53640 49] Android_Mali_G710_Vulkan, [0000017E36385E00][0000017E35E577C0 49] Android_Vulkan_SM5, [0000017E362B9800][0000017E35E5B940 49] Android_PowerVR_G6xxx, [0000017E36384500][0000017E35E5FAC0 49] Android_PowerVR_GT7xxx, [0000017E362BA900][0000017E35E620C0 49] Android_PowerVR_GE8xxx, [0000017E36385200][0000017E35E66240 49] Android_PowerVR_GM9xxx, [0000017E3626D000][0000017E35E6A3C0 49] Android_PowerVR_GM9xxx_Vulkan, [0000017E36384A00][0000017E35E6E540 49] Android_TegraK1, [0000017E3626EB00][0000017E35E726C0 49] Android_Unknown_Vulkan, [0000017E36386A00][0000017E35E76840 49] Lumin, [0000017E3626FF00][0000017E35E7A9C0 49] Lumin_Desktop, [0000017E36385300][0000017E35E7EB40 49] HoloLens, 
[2021.12.19-11.23.34:536][  0]LogMeshReduction: Using QuadricMeshReduction for automatic static mesh reduction
[2021.12.19-11.23.34:536][  0]LogMeshReduction: Using SimplygonMeshReduction for automatic skeletal mesh reduction
[2021.12.19-11.23.34:536][  0]LogMeshReduction: Using ProxyLODMeshReduction for automatic mesh merging
[2021.12.19-11.23.34:536][  0]LogMeshReduction: No distributed automatic mesh merging module available
[2021.12.19-11.23.34:537][  0]LogMeshMerging: No distributed automatic mesh merging module available
[2021.12.19-11.23.34:721][  0]LogNetVersion: mario4 1.0.0, NetCL: 17155196, EngineNetVer: 17, GameNetVer: 0 (Checksum: 1582761395)
[2021.12.19-11.23.39:349][  0]LogTexture: Default maximum texture size for cubemaps generated from long-lat sources has been changed from 512 to unlimited. In order to preserve old behaiour for '/Engine/MapTemplates/Sky/DaylightAmbientCubemap.DaylightAmbientCubemap', its maximum texture size has been explicitly set to 512.
[2021.12.19-11.23.39:427][  0]LogHMD: PokeAHoleMaterial loaded successfully
[2021.12.19-11.23.39:434][  0]LogUObjectArray: 17178 objects as part of root set at end of initial load.
[2021.12.19-11.23.39:434][  0]LogUObjectAllocator: 4302048 out of 0 bytes used by permanent object pool.
[2021.12.19-11.23.39:434][  0]LogUObjectArray: CloseDisregardForGC: 0/0 objects in disregard for GC pool
[2021.12.19-11.23.43:566][  0]LogNiagaraDebuggerClient: Niagara Debugger Client Initialized | Session: 054F1D4D4E85336B7FE92D815CA5562A | Instance: 699BDA2C47095693C7AF69A32F824B81 (DESKTOP-P6MI6F8-12076).
[2021.12.19-11.23.43:995][  0]LogPython: Using Python 3.7.7
[2021.12.19-11.23.45:193][  0]LogTcpMessaging: Initializing TcpMessaging bridge
[2021.12.19-11.23.45:227][  0]LogUdpMessaging: Initializing bridge on interface 0.0.0.0:0 to multicast group 230.0.0.1:6666.
[2021.12.19-11.23.46:553][  0]LogOpenImageDenoise: OIDN starting up
[2021.12.19-11.23.46:788][  0]SourceControl: Source control is disabled
[2021.12.19-11.23.46:788][  0]SourceControl: Source control is disabled
[2021.12.19-11.23.46:829][  0]SourceControl: Source control is disabled
[2021.12.19-11.23.46:838][  0]SourceControl: Source control is disabled
[2021.12.19-11.23.46:876][  0]SourceControl: Source control is disabled
[2021.12.19-11.23.46:890][  0]LogUProjectInfo: Found projects:
[2021.12.19-11.23.47:299][  0]LogAndroidPermission: UAndroidPermissionCallbackProxy::GetInstance
[2021.12.19-11.23.47:355][  0]LogAudioCaptureCore: Display: No Audio Capture implementations found. Audio input will be silent.
[2021.12.19-11.23.47:355][  0]LogAudioCaptureCore: Display: No Audio Capture implementations found. Audio input will be silent.
[2021.12.19-11.23.47:769][  0]LogCollectionManager: Loaded 0 collections in 0.001103 seconds
[2021.12.19-11.23.47:881][  0]LogFileCache: Scanning file cache for directory 'E:/mario4/mario4/Saved/Collections/' took 0.00s
[2021.12.19-11.23.47:881][  0]LogFileCache: Scanning file cache for directory 'E:/mario4/mario4/Content/Developers/cannd/Collections/' took 0.00s
[2021.12.19-11.23.47:881][  0]LogFileCache: Scanning file cache for directory 'E:/mario4/mario4/Content/Collections/' took 0.00s
[2021.12.19-11.23.47:881][  0]LogOcInput: OculusInput pre-init called
[2021.12.19-11.23.48:257][  0]LogEngine: Initializing Engine...
[2021.12.19-11.23.48:449][  0]LogHMD: Failed to enumerate extensions. Please check that you have a valid OpenXR runtime installed.
[2021.12.19-11.23.48:469][  0]LogHMD: Failed to initialize OpenVR with code 110
[2021.12.19-11.23.48:474][  0]LogMagicLeap: Warning: VR disabled because ZI is not enabled.  To enable, in the editor, Edit -> Project Settings -> Plugins -> Magic Leap Plugin -> Enable Zero Iteration
[2021.12.19-11.23.48:475][  0]LogStats: UGameplayTagsManager::InitializeManager -  0.000 s
[2021.12.19-11.23.48:631][  0]LogInit: Initializing FReadOnlyCVARCache
[2021.12.19-11.23.48:658][  0]LogAIModule: Creating AISystem for world Untitled
[2021.12.19-11.23.48:659][  0]LogAudio: Display: Initializing Audio Device Manager...
[2021.12.19-11.23.48:669][  0]LogAudio: Display: Loading Default Audio Settings Objects...
[2021.12.19-11.23.48:670][  0]LogAudio: Display: No default SoundConcurrencyObject specified (or failed to load).
[2021.12.19-11.23.48:670][  0]LogAudio: Display: Audio Device Manager Initialized
[2021.12.19-11.23.48:670][  0]LogAudio: Display: Creating Audio Device:                 Id: 1, Scope: Shared, Realtime: True
[2021.12.19-11.23.48:671][  0]LogAudioMixer: Display: Audio Mixer Platform Settings:
[2021.12.19-11.23.48:671][  0]LogAudioMixer: Display: 	Sample Rate:						  48000
[2021.12.19-11.23.48:671][  0]LogAudioMixer: Display: 	Callback Buffer Frame Size Requested: 1024
[2021.12.19-11.23.48:671][  0]LogAudioMixer: Display: 	Callback Buffer Frame Size To Use:	  1024
[2021.12.19-11.23.48:671][  0]LogAudioMixer: Display: 	Number of buffers to queue:			  2
[2021.12.19-11.23.48:671][  0]LogAudioMixer: Display: 	Max Channels (voices):				  32
[2021.12.19-11.23.48:671][  0]LogAudioMixer: Display: 	Number of Async Source Workers:		  0
[2021.12.19-11.23.48:671][  0]LogAudio: Display: AudioDevice MaxSources: 32
[2021.12.19-11.23.48:671][  0]LogAudio: Display: Audio Spatialization Plugin: None (built-in).
[2021.12.19-11.23.48:671][  0]LogAudio: Display: Audio Reverb Plugin: None (built-in).
[2021.12.19-11.23.48:671][  0]LogAudio: Display: Audio Occlusion Plugin: None (built-in).
[2021.12.19-11.23.48:671][  0]LogAudioMixer: Display: Initializing audio mixer.
[2021.12.19-11.23.48:723][  0]LogAudioMixer: Display: 0: FrontLeft
[2021.12.19-11.23.48:723][  0]LogAudioMixer: Display: 1: FrontRight
[2021.12.19-11.23.48:759][  0]LogAudioMixer: Display: Using Audio Device Динамики (Realtek High Definition Audio)
[2021.12.19-11.23.48:759][  0]LogAudioMixer: Display: Initializing Sound Submixes...
[2021.12.19-11.23.48:762][  0]LogAudioMixer: Display: Creating Master Submix 'MasterSubmixDefault'
[2021.12.19-11.23.48:762][  0]LogAudioMixer: Display: Creating Master Submix 'MasterReverbSubmixDefault'
[2021.12.19-11.23.48:763][  0]LogAudioMixer: Display: Creating Master Submix 'MasterEQSubmixDefault'
[2021.12.19-11.23.48:763][  0]LogAudioMixer: FMixerPlatformXAudio2::StartAudioStream() called
[2021.12.19-11.23.48:763][  0]LogAudioMixer: Display: Output buffers initialized: Frames=1024, Channels=2, Samples=2048
[2021.12.19-11.23.48:765][  0]LogAudioMixer: Display: Starting AudioMixerPlatformInterface::RunInternal()
[2021.12.19-11.23.48:765][  0]LogAudioMixer: Display: FMixerPlatformXAudio2::SubmitBuffer() called for the first time
[2021.12.19-11.23.48:765][  0]LogInit: FAudioDevice initialized.
[2021.12.19-11.23.48:765][  0]LogAudio: Display: Audio Device (ID: 1) registered with world 'Untitled'.
[2021.12.19-11.23.48:765][  0]LogNetVersion: Set ProjectVersion to 1.0.0.0. Version Checksum will be recalculated on next use.
[2021.12.19-11.23.48:882][  0]LogDerivedDataCache: Saved boot cache 0.12s 96MB C:/Users/cannd/AppData/Local/UnrealEngine/4.27/DerivedDataCache/Boot.ddc.
[2021.12.19-11.23.48:883][  0]LogInit: Texture streaming: Enabled
[2021.12.19-11.23.48:930][  0]LogAnalytics: Display: [UEEditor.Rocket.Release] APIServer = https://datarouter.ol.epicgames.com/. AppVersion = 4.27.2-18319896+++UE4+Release-4.27
[2021.12.19-11.23.48:944][  0]LogEngineSessionManager: EngineSessionManager initialized
[2021.12.19-11.23.48:944][  0]LogEditorSessionSummary: Verbose: Initializing EditorSessionSummaryWriter for editor session tracking
[2021.12.19-11.23.48:947][  0]LogEditorSessionSummary: EditorSessionSummaryWriter initialized
[2021.12.19-11.23.49:023][  0]LogInit: Transaction tracking system initialized
[2021.12.19-11.23.49:190][  0]BlueprintLog: New page: Editor Load
[2021.12.19-11.23.49:529][  0]LocalizationService: Localization service is disabled
[2021.12.19-11.23.49:858][  0]TimingProfiler: Initialize
[2021.12.19-11.23.49:858][  0]TimingProfiler: OnSessionChanged
[2021.12.19-11.23.49:858][  0]LoadingProfiler: Initialize
[2021.12.19-11.23.49:858][  0]LoadingProfiler: OnSessionChanged
[2021.12.19-11.23.49:858][  0]NetworkingProfiler: Initialize
[2021.12.19-11.23.49:858][  0]NetworkingProfiler: OnSessionChanged
[2021.12.19-11.23.49:858][  0]MemoryProfiler: Initialize
[2021.12.19-11.23.49:858][  0]MemoryProfiler: OnSessionChanged
[2021.12.19-11.23.50:385][  0]LogFileCache: Scanning file cache for directory 'E:/mario4/mario4/Content/' took 0.00s
[2021.12.19-11.23.50:385][  0]LogCook: Display: CookSettings for Memory: MemoryMaxUsedVirtual 0MiB, MemoryMaxUsedPhysical 16384MiB, MemoryMinFreeVirtual 0MiB, MemoryMinFreePhysical 1024MiB
[2021.12.19-11.23.50:385][  0]LogCook: Display: Mobile HDR setting 1
[2021.12.19-11.23.51:643][  0]LogInit: Display: Engine is initialized. Leaving FEngineLoop::Init()
[2021.12.19-11.23.51:653][  0]SourceControl: Source control is disabled
[2021.12.19-11.23.51:654][  0]LogUnrealEdMisc: Loading editor; pre map load, took 35.688
[2021.12.19-11.23.51:654][  0]Cmd: MAP LOAD FILE="../../../Engine/Content/Maps/Templates/Template_Default.umap" TEMPLATE=1 SHOWPROGRESS=1 FEATURELEVEL=3
[2021.12.19-11.23.51:654][  0]LightingResults: New page: Lighting Build
[2021.12.19-11.23.51:668][  0]LogWorld: UWorld::CleanupWorld for Untitled, bSessionEnded=true, bCleanupResources=true
[2021.12.19-11.23.51:668][  0]LogSlate: InvalidateAllWidgets triggered.  All widgets were invalidated
[2021.12.19-11.23.51:668][  0]MapCheck: New page: Map Check
[2021.12.19-11.23.51:668][  0]LightingResults: New page: Lighting Build
[2021.12.19-11.23.51:674][  0]LogAudio: Display: Audio Device unregistered from world 'None'.
[2021.12.19-11.23.51:677][  0]LogUObjectHash: Compacting FUObjectHashTables data took   1.00ms
[2021.12.19-11.23.51:806][  0]LogTexture: Display: Building textures: DeprecatedTextureEB9CBE3C423008B5E8E130901E171C89 (BGRA8, 128X128)
[2021.12.19-11.23.51:842][  0]LogAudio: Display: Audio Device (ID: 1) registered with world 'Untitled_1'.
[2021.12.19-11.23.51:844][  0]LogAIModule: Creating AISystem for world Untitled_1
[2021.12.19-11.23.51:851][  0]LogEditorServer: Finished looking for orphan Actors (0.000 secs)
[2021.12.19-11.23.51:895][  0]LogUObjectHash: Compacting FUObjectHashTables data took   0.99ms
[2021.12.19-11.23.51:896][  0]Cmd: MAP CHECKDEP NOCLEARLOG
[2021.12.19-11.23.51:896][  0]MapCheck: Map check complete: 0 Error(s), 0 Warning(s), took 0,126ms to complete.
[2021.12.19-11.23.51:896][  0]LogFileHelpers: Loading map 'Template_Default' took 0.243
[2021.12.19-11.23.51:915][  0]LogUnrealEdMisc: Total Editor Startup Time, took 35.950
[2021.12.19-11.23.52:786][  0]LogSlate: Updating window title bar state: overlay mode, drag disabled, window buttons hidden, title bar hidden
[2021.12.19-11.23.52:802][  0]LogSlate: Updating window title bar state: overlay mode, drag disabled, window buttons hidden, title bar hidden
[2021.12.19-11.23.52:809][  0]LogSlate: Updating window title bar state: overlay mode, drag disabled, window buttons hidden, title bar hidden
[2021.12.19-11.23.52:816][  0]LogSlate: Updating window title bar state: overlay mode, drag disabled, window buttons hidden, title bar hidden
[2021.12.19-11.23.53:150][  0]LogNativeClassHierarchy: Verbose: Native class hierarchy populated in 0.0264 seconds. Added 3823 classes and 930 folders.
[2021.12.19-11.23.53:322][  0]LogNativeClassHierarchy: Verbose: Native class hierarchy updated for 'WidgetCarousel' in 0.0003 seconds. Added 0 classes and 0 folders.
[2021.12.19-11.23.53:352][  0]LogPakFile: PakFile PrimaryIndexSize=187
[2021.12.19-11.23.53:352][  0]LogPakFile: PakFile PathHashIndexSize=101
[2021.12.19-11.23.53:352][  0]LogPakFile: PakFile FullDirectoryIndexSize=148
[2021.12.19-11.23.53:352][  0]LogShaderLibrary: Display: ShaderCodeLibraryPakFileMountedCallback: PakFile 'E:/ue4/UE_4.27/FeaturePacks/FP_FirstPerson.upack' (chunk index -1, root 'root:/') mounted
[2021.12.19-11.23.53:352][  0]LogShaderLibrary: Display: ShaderCodeLibraryPakFileMountedCallback: pending pak file info (ChunkID:-1 Root:root:/ File:E:/ue4/UE_4.27/FeaturePacks/FP_FirstPerson.upack)
[2021.12.19-11.23.53:352][  0]LogPakFile: OnPakFileMounted2Time == 0.000089
[2021.12.19-11.23.53:363][  0]LogPakFile: PakFile PrimaryIndexSize=189
[2021.12.19-11.23.53:363][  0]LogPakFile: PakFile PathHashIndexSize=101
[2021.12.19-11.23.53:363][  0]LogPakFile: PakFile FullDirectoryIndexSize=152
[2021.12.19-11.23.53:363][  0]LogShaderLibrary: Display: ShaderCodeLibraryPakFileMountedCallback: PakFile 'E:/ue4/UE_4.27/FeaturePacks/FP_FirstPersonBP.upack' (chunk index -1, root 'root:/') mounted
[2021.12.19-11.23.53:363][  0]LogShaderLibrary: Display: ShaderCodeLibraryPakFileMountedCallback: pending pak file info (ChunkID:-1 Root:root:/ File:E:/ue4/UE_4.27/FeaturePacks/FP_FirstPersonBP.upack)
[2021.12.19-11.23.53:363][  0]LogPakFile: OnPakFileMounted2Time == 0.000069
[2021.12.19-11.23.53:416][  0]LogPakFile: PakFile PrimaryIndexSize=191
[2021.12.19-11.23.53:416][  0]LogPakFile: PakFile PathHashIndexSize=101
[2021.12.19-11.23.53:416][  0]LogPakFile: PakFile FullDirectoryIndexSize=160
[2021.12.19-11.23.53:416][  0]LogShaderLibrary: Display: ShaderCodeLibraryPakFileMountedCallback: PakFile 'E:/ue4/UE_4.27/FeaturePacks/MobileStarterContent.upack' (chunk index -1, root 'root:/') mounted
[2021.12.19-11.23.53:416][  0]LogShaderLibrary: Display: ShaderCodeLibraryPakFileMountedCallback: pending pak file info (ChunkID:-1 Root:root:/ File:E:/ue4/UE_4.27/FeaturePacks/MobileStarterContent.upack)
[2021.12.19-11.23.53:416][  0]LogPakFile: OnPakFileMounted2Time == 0.000059
[2021.12.19-11.23.53:428][  0]LogPakFile: PakFile PrimaryIndexSize=185
[2021.12.19-11.23.53:428][  0]LogPakFile: PakFile PathHashIndexSize=101
[2021.12.19-11.23.53:428][  0]LogPakFile: PakFile FullDirectoryIndexSize=148
[2021.12.19-11.23.53:428][  0]LogShaderLibrary: Display: ShaderCodeLibraryPakFileMountedCallback: PakFile 'E:/ue4/UE_4.27/FeaturePacks/StarterContent.upack' (chunk index -1, root 'root:/') mounted
[2021.12.19-11.23.53:428][  0]LogShaderLibrary: Display: ShaderCodeLibraryPakFileMountedCallback: pending pak file info (ChunkID:-1 Root:root:/ File:E:/ue4/UE_4.27/FeaturePacks/StarterContent.upack)
[2021.12.19-11.23.53:428][  0]LogPakFile: OnPakFileMounted2Time == 0.000046
[2021.12.19-11.23.53:440][  0]LogPakFile: PakFile PrimaryIndexSize=190
[2021.12.19-11.23.53:440][  0]LogPakFile: PakFile PathHashIndexSize=101
[2021.12.19-11.23.53:440][  0]LogPakFile: PakFile FullDirectoryIndexSize=154
[2021.12.19-11.23.53:440][  0]LogShaderLibrary: Display: ShaderCodeLibraryPakFileMountedCallback: PakFile 'E:/ue4/UE_4.27/FeaturePacks/TP_2DSideScroller.upack' (chunk index -1, root 'root:/') mounted
[2021.12.19-11.23.53:440][  0]LogShaderLibrary: Display: ShaderCodeLibraryPakFileMountedCallback: pending pak file info (ChunkID:-1 Root:root:/ File:E:/ue4/UE_4.27/FeaturePacks/TP_2DSideScroller.upack)
[2021.12.19-11.23.53:440][  0]LogPakFile: OnPakFileMounted2Time == 0.000046
[2021.12.19-11.23.53:466][  0]LogPakFile: PakFile PrimaryIndexSize=192
[2021.12.19-11.23.53:466][  0]LogPakFile: PakFile PathHashIndexSize=101
[2021.12.19-11.23.53:466][  0]LogPakFile: PakFile FullDirectoryIndexSize=158
[2021.12.19-11.23.53:466][  0]LogShaderLibrary: Display: ShaderCodeLibraryPakFileMountedCallback: PakFile 'E:/ue4/UE_4.27/FeaturePacks/TP_2DSideScrollerBP.upack' (chunk index -1, root 'root:/') mounted
[2021.12.19-11.23.53:466][  0]LogShaderLibrary: Display: ShaderCodeLibraryPakFileMountedCallback: pending pak file info (ChunkID:-1 Root:root:/ File:E:/ue4/UE_4.27/FeaturePacks/TP_2DSideScrollerBP.upack)
[2021.12.19-11.23.53:466][  0]LogPakFile: OnPakFileMounted2Time == 0.000051
[2021.12.19-11.23.53:480][  0]LogPakFile: PakFile PrimaryIndexSize=182
[2021.12.19-11.23.53:480][  0]LogPakFile: PakFile PathHashIndexSize=101
[2021.12.19-11.23.53:480][  0]LogPakFile: PakFile FullDirectoryIndexSize=138
[2021.12.19-11.23.53:480][  0]LogShaderLibrary: Display: ShaderCodeLibraryPakFileMountedCallback: PakFile 'E:/ue4/UE_4.27/FeaturePacks/TP_Flying.upack' (chunk index -1, root 'root:/') mounted
[2021.12.19-11.23.53:480][  0]LogShaderLibrary: Display: ShaderCodeLibraryPakFileMountedCallback: pending pak file info (ChunkID:-1 Root:root:/ File:E:/ue4/UE_4.27/FeaturePacks/TP_Flying.upack)
[2021.12.19-11.23.53:480][  0]LogPakFile: OnPakFileMounted2Time == 0.000045
[2021.12.19-11.23.53:487][  0]LogPakFile: PakFile PrimaryIndexSize=184
[2021.12.19-11.23.53:487][  0]LogPakFile: PakFile PathHashIndexSize=101
[2021.12.19-11.23.53:487][  0]LogPakFile: PakFile FullDirectoryIndexSize=142
[2021.12.19-11.23.53:487][  0]LogShaderLibrary: Display: ShaderCodeLibraryPakFileMountedCallback: PakFile 'E:/ue4/UE_4.27/FeaturePacks/TP_FlyingBP.upack' (chunk index -1, root 'root:/') mounted
[2021.12.19-11.23.53:487][  0]LogShaderLibrary: Display: ShaderCodeLibraryPakFileMountedCallback: pending pak file info (ChunkID:-1 Root:root:/ File:E:/ue4/UE_4.27/FeaturePacks/TP_FlyingBP.upack)
[2021.12.19-11.23.53:487][  0]LogPakFile: OnPakFileMounted2Time == 0.000062
[2021.12.19-11.23.53:524][  0]LogPakFile: PakFile PrimaryIndexSize=188
[2021.12.19-11.23.53:524][  0]LogPakFile: PakFile PathHashIndexSize=101
[2021.12.19-11.23.53:524][  0]LogPakFile: PakFile FullDirectoryIndexSize=150
[2021.12.19-11.23.53:524][  0]LogShaderLibrary: Display: ShaderCodeLibraryPakFileMountedCallback: PakFile 'E:/ue4/UE_4.27/FeaturePacks/TP_HandheldARBP.upack' (chunk index -1, root 'root:/') mounted
[2021.12.19-11.23.53:524][  0]LogShaderLibrary: Display: ShaderCodeLibraryPakFileMountedCallback: pending pak file info (ChunkID:-1 Root:root:/ File:E:/ue4/UE_4.27/FeaturePacks/TP_HandheldARBP.upack)
[2021.12.19-11.23.53:524][  0]LogPakFile: OnPakFileMounted2Time == 0.000044
[2021.12.19-11.23.53:557][  0]LogPakFile: PakFile PrimaryIndexSize=182
[2021.12.19-11.23.53:557][  0]LogPakFile: PakFile PathHashIndexSize=101
[2021.12.19-11.23.53:557][  0]LogPakFile: PakFile FullDirectoryIndexSize=138
[2021.12.19-11.23.53:557][  0]LogShaderLibrary: Display: ShaderCodeLibraryPakFileMountedCallback: PakFile 'E:/ue4/UE_4.27/FeaturePacks/TP_Puzzle.upack' (chunk index -1, root 'root:/') mounted
[2021.12.19-11.23.53:557][  0]LogShaderLibrary: Display: ShaderCodeLibraryPakFileMountedCallback: pending pak file info (ChunkID:-1 Root:root:/ File:E:/ue4/UE_4.27/FeaturePacks/TP_Puzzle.upack)
[2021.12.19-11.23.53:557][  0]LogPakFile: OnPakFileMounted2Time == 0.000045
[2021.12.19-11.23.53:585][  0]LogPakFile: PakFile PrimaryIndexSize=184
[2021.12.19-11.23.53:585][  0]LogPakFile: PakFile PathHashIndexSize=101
[2021.12.19-11.23.53:585][  0]LogPakFile: PakFile FullDirectoryIndexSize=142
[2021.12.19-11.23.53:585][  0]LogShaderLibrary: Display: ShaderCodeLibraryPakFileMountedCallback: PakFile 'E:/ue4/UE_4.27/FeaturePacks/TP_PuzzleBP.upack' (chunk index -1, root 'root:/') mounted
[2021.12.19-11.23.53:585][  0]LogShaderLibrary: Display: ShaderCodeLibraryPakFileMountedCallback: pending pak file info (ChunkID:-1 Root:root:/ File:E:/ue4/UE_4.27/FeaturePacks/TP_PuzzleBP.upack)
[2021.12.19-11.23.53:585][  0]LogPakFile: OnPakFileMounted2Time == 0.000058
[2021.12.19-11.23.53:594][  0]LogPakFile: PakFile PrimaryIndexSize=183
[2021.12.19-11.23.53:594][  0]LogPakFile: PakFile PathHashIndexSize=101
[2021.12.19-11.23.53:594][  0]LogPakFile: PakFile FullDirectoryIndexSize=140
[2021.12.19-11.23.53:594][  0]LogShaderLibrary: Display: ShaderCodeLibraryPakFileMountedCallback: PakFile 'E:/ue4/UE_4.27/FeaturePacks/TP_Rolling.upack' (chunk index -1, root 'root:/') mounted
[2021.12.19-11.23.53:594][  0]LogShaderLibrary: Display: ShaderCodeLibraryPakFileMountedCallback: pending pak file info (ChunkID:-1 Root:root:/ File:E:/ue4/UE_4.27/FeaturePacks/TP_Rolling.upack)
[2021.12.19-11.23.53:594][  0]LogPakFile: OnPakFileMounted2Time == 0.000060
[2021.12.19-11.23.53:639][  0]LogPakFile: PakFile PrimaryIndexSize=185
[2021.12.19-11.23.53:639][  0]LogPakFile: PakFile PathHashIndexSize=101
[2021.12.19-11.23.53:639][  0]LogPakFile: PakFile FullDirectoryIndexSize=144
[2021.12.19-11.23.53:639][  0]LogShaderLibrary: Display: ShaderCodeLibraryPakFileMountedCallback: PakFile 'E:/ue4/UE_4.27/FeaturePacks/TP_RollingBP.upack' (chunk index -1, root 'root:/') mounted
[2021.12.19-11.23.53:639][  0]LogShaderLibrary: Display: ShaderCodeLibraryPakFileMountedCallback: pending pak file info (ChunkID:-1 Root:root:/ File:E:/ue4/UE_4.27/FeaturePacks/TP_RollingBP.upack)
[2021.12.19-11.23.53:639][  0]LogPakFile: OnPakFileMounted2Time == 0.000048
[2021.12.19-11.23.53:656][  0]LogPakFile: PakFile PrimaryIndexSize=188
[2021.12.19-11.23.53:656][  0]LogPakFile: PakFile PathHashIndexSize=101
[2021.12.19-11.23.53:656][  0]LogPakFile: PakFile FullDirectoryIndexSize=150
[2021.12.19-11.23.53:656][  0]LogShaderLibrary: Display: ShaderCodeLibraryPakFileMountedCallback: PakFile 'E:/ue4/UE_4.27/FeaturePacks/TP_SideScroller.upack' (chunk index -1, root 'root:/') mounted
[2021.12.19-11.23.53:656][  0]LogShaderLibrary: Display: ShaderCodeLibraryPakFileMountedCallback: pending pak file info (ChunkID:-1 Root:root:/ File:E:/ue4/UE_4.27/FeaturePacks/TP_SideScroller.upack)
[2021.12.19-11.23.53:656][  0]LogPakFile: OnPakFileMounted2Time == 0.000057
[2021.12.19-11.23.53:679][  0]LogPakFile: PakFile PrimaryIndexSize=190
[2021.12.19-11.23.53:679][  0]LogPakFile: PakFile PathHashIndexSize=101
[2021.12.19-11.23.53:679][  0]LogPakFile: PakFile FullDirectoryIndexSize=154
[2021.12.19-11.23.53:680][  0]LogShaderLibrary: Display: ShaderCodeLibraryPakFileMountedCallback: PakFile 'E:/ue4/UE_4.27/FeaturePacks/TP_SideScrollerBP.upack' (chunk index -1, root 'root:/') mounted
[2021.12.19-11.23.53:680][  0]LogShaderLibrary: Display: ShaderCodeLibraryPakFileMountedCallback: pending pak file info (ChunkID:-1 Root:root:/ File:E:/ue4/UE_4.27/FeaturePacks/TP_SideScrollerBP.upack)
[2021.12.19-11.23.53:680][  0]LogPakFile: OnPakFileMounted2Time == 0.000056
[2021.12.19-11.23.53:695][  0]LogPakFile: PakFile PrimaryIndexSize=187
[2021.12.19-11.23.53:695][  0]LogPakFile: PakFile PathHashIndexSize=101
[2021.12.19-11.23.53:695][  0]LogPakFile: PakFile FullDirectoryIndexSize=148
[2021.12.19-11.23.53:695][  0]LogShaderLibrary: Display: ShaderCodeLibraryPakFileMountedCallback: PakFile 'E:/ue4/UE_4.27/FeaturePacks/TP_ThirdPerson.upack' (chunk index -1, root 'root:/') mounted
[2021.12.19-11.23.53:695][  0]LogShaderLibrary: Display: ShaderCodeLibraryPakFileMountedCallback: pending pak file info (ChunkID:-1 Root:root:/ File:E:/ue4/UE_4.27/FeaturePacks/TP_ThirdPerson.upack)
[2021.12.19-11.23.53:695][  0]LogPakFile: OnPakFileMounted2Time == 0.000066
[2021.12.19-11.23.53:774][  0]LogPakFile: PakFile PrimaryIndexSize=189
[2021.12.19-11.23.53:775][  0]LogPakFile: PakFile PathHashIndexSize=101
[2021.12.19-11.23.53:775][  0]LogPakFile: PakFile FullDirectoryIndexSize=152
[2021.12.19-11.23.53:775][  0]LogShaderLibrary: Display: ShaderCodeLibraryPakFileMountedCallback: PakFile 'E:/ue4/UE_4.27/FeaturePacks/TP_ThirdPersonBP.upack' (chunk index -1, root 'root:/') mounted
[2021.12.19-11.23.53:775][  0]LogShaderLibrary: Display: ShaderCodeLibraryPakFileMountedCallback: pending pak file info (ChunkID:-1 Root:root:/ File:E:/ue4/UE_4.27/FeaturePacks/TP_ThirdPersonBP.upack)
[2021.12.19-11.23.53:775][  0]LogPakFile: OnPakFileMounted2Time == 0.000048
[2021.12.19-11.23.53:842][  0]LogPakFile: PakFile PrimaryIndexSize=183
[2021.12.19-11.23.53:842][  0]LogPakFile: PakFile PathHashIndexSize=101
[2021.12.19-11.23.53:842][  0]LogPakFile: PakFile FullDirectoryIndexSize=140
[2021.12.19-11.23.53:842][  0]LogShaderLibrary: Display: ShaderCodeLibraryPakFileMountedCallback: PakFile 'E:/ue4/UE_4.27/FeaturePacks/TP_TopDown.upack' (chunk index -1, root 'root:/') mounted
[2021.12.19-11.23.53:842][  0]LogShaderLibrary: Display: ShaderCodeLibraryPakFileMountedCallback: pending pak file info (ChunkID:-1 Root:root:/ File:E:/ue4/UE_4.27/FeaturePacks/TP_TopDown.upack)
[2021.12.19-11.23.53:842][  0]LogPakFile: OnPakFileMounted2Time == 0.000053
[2021.12.19-11.23.53:943][  0]LogPakFile: PakFile PrimaryIndexSize=185
[2021.12.19-11.23.53:944][  0]LogPakFile: PakFile PathHashIndexSize=101
[2021.12.19-11.23.53:944][  0]LogPakFile: PakFile FullDirectoryIndexSize=144
[2021.12.19-11.23.53:944][  0]LogShaderLibrary: Display: ShaderCodeLibraryPakFileMountedCallback: PakFile 'E:/ue4/UE_4.27/FeaturePacks/TP_TopDownBP.upack' (chunk index -1, root 'root:/') mounted
[2021.12.19-11.23.53:944][  0]LogShaderLibrary: Display: ShaderCodeLibraryPakFileMountedCallback: pending pak file info (ChunkID:-1 Root:root:/ File:E:/ue4/UE_4.27/FeaturePacks/TP_TopDownBP.upack)
[2021.12.19-11.23.53:944][  0]LogPakFile: OnPakFileMounted2Time == 0.000078
[2021.12.19-11.23.53:957][  0]LogPakFile: PakFile PrimaryIndexSize=185
[2021.12.19-11.23.53:957][  0]LogPakFile: PakFile PathHashIndexSize=101
[2021.12.19-11.23.53:957][  0]LogPakFile: PakFile FullDirectoryIndexSize=144
[2021.12.19-11.23.53:957][  0]LogShaderLibrary: Display: ShaderCodeLibraryPakFileMountedCallback: PakFile 'E:/ue4/UE_4.27/FeaturePacks/TP_TwinStick.upack' (chunk index -1, root 'root:/') mounted
[2021.12.19-11.23.53:957][  0]LogShaderLibrary: Display: ShaderCodeLibraryPakFileMountedCallback: pending pak file info (ChunkID:-1 Root:root:/ File:E:/ue4/UE_4.27/FeaturePacks/TP_TwinStick.upack)
[2021.12.19-11.23.53:957][  0]LogPakFile: OnPakFileMounted2Time == 0.000042
[2021.12.19-11.23.53:966][  0]LogPakFile: PakFile PrimaryIndexSize=187
[2021.12.19-11.23.53:966][  0]LogPakFile: PakFile PathHashIndexSize=101
[2021.12.19-11.23.53:966][  0]LogPakFile: PakFile FullDirectoryIndexSize=148
[2021.12.19-11.23.53:966][  0]LogShaderLibrary: Display: ShaderCodeLibraryPakFileMountedCallback: PakFile 'E:/ue4/UE_4.27/FeaturePacks/TP_TwinStickBP.upack' (chunk index -1, root 'root:/') mounted
[2021.12.19-11.23.53:966][  0]LogShaderLibrary: Display: ShaderCodeLibraryPakFileMountedCallback: pending pak file info (ChunkID:-1 Root:root:/ File:E:/ue4/UE_4.27/FeaturePacks/TP_TwinStickBP.upack)
[2021.12.19-11.23.53:966][  0]LogPakFile: OnPakFileMounted2Time == 0.000046
[2021.12.19-11.23.54:008][  0]LogPakFile: PakFile PrimaryIndexSize=183
[2021.12.19-11.23.54:008][  0]LogPakFile: PakFile PathHashIndexSize=101
[2021.12.19-11.23.54:008][  0]LogPakFile: PakFile FullDirectoryIndexSize=140
[2021.12.19-11.23.54:008][  0]LogShaderLibrary: Display: ShaderCodeLibraryPakFileMountedCallback: PakFile 'E:/ue4/UE_4.27/FeaturePacks/TP_Vehicle.upack' (chunk index -1, root 'root:/') mounted
[2021.12.19-11.23.54:008][  0]LogShaderLibrary: Display: ShaderCodeLibraryPakFileMountedCallback: pending pak file info (ChunkID:-1 Root:root:/ File:E:/ue4/UE_4.27/FeaturePacks/TP_Vehicle.upack)
[2021.12.19-11.23.54:008][  0]LogPakFile: OnPakFileMounted2Time == 0.000042
[2021.12.19-11.23.54:043][  0]LogPakFile: PakFile PrimaryIndexSize=186
[2021.12.19-11.23.54:043][  0]LogPakFile: PakFile PathHashIndexSize=101
[2021.12.19-11.23.54:043][  0]LogPakFile: PakFile FullDirectoryIndexSize=146
[2021.12.19-11.23.54:043][  0]LogShaderLibrary: Display: ShaderCodeLibraryPakFileMountedCallback: PakFile 'E:/ue4/UE_4.27/FeaturePacks/TP_VehicleAdv.upack' (chunk index -1, root 'root:/') mounted
[2021.12.19-11.23.54:043][  0]LogShaderLibrary: Display: ShaderCodeLibraryPakFileMountedCallback: pending pak file info (ChunkID:-1 Root:root:/ File:E:/ue4/UE_4.27/FeaturePacks/TP_VehicleAdv.upack)
[2021.12.19-11.23.54:043][  0]LogPakFile: OnPakFileMounted2Time == 0.000068
[2021.12.19-11.23.54:065][  0]LogPakFile: PakFile PrimaryIndexSize=188
[2021.12.19-11.23.54:065][  0]LogPakFile: PakFile PathHashIndexSize=101
[2021.12.19-11.23.54:065][  0]LogPakFile: PakFile FullDirectoryIndexSize=150
[2021.12.19-11.23.54:065][  0]LogShaderLibrary: Display: ShaderCodeLibraryPakFileMountedCallback: PakFile 'E:/ue4/UE_4.27/FeaturePacks/TP_VehicleAdvBP.upack' (chunk index -1, root 'root:/') mounted
[2021.12.19-11.23.54:065][  0]LogShaderLibrary: Display: ShaderCodeLibraryPakFileMountedCallback: pending pak file info (ChunkID:-1 Root:root:/ File:E:/ue4/UE_4.27/FeaturePacks/TP_VehicleAdvBP.upack)
[2021.12.19-11.23.54:065][  0]LogPakFile: OnPakFileMounted2Time == 0.000044
[2021.12.19-11.23.54:102][  0]LogPakFile: PakFile PrimaryIndexSize=185
[2021.12.19-11.23.54:102][  0]LogPakFile: PakFile PathHashIndexSize=101
[2021.12.19-11.23.54:102][  0]LogPakFile: PakFile FullDirectoryIndexSize=144
[2021.12.19-11.23.54:102][  0]LogShaderLibrary: Display: ShaderCodeLibraryPakFileMountedCallback: PakFile 'E:/ue4/UE_4.27/FeaturePacks/TP_VehicleBP.upack' (chunk index -1, root 'root:/') mounted
[2021.12.19-11.23.54:102][  0]LogShaderLibrary: Display: ShaderCodeLibraryPakFileMountedCallback: pending pak file info (ChunkID:-1 Root:root:/ File:E:/ue4/UE_4.27/FeaturePacks/TP_VehicleBP.upack)
[2021.12.19-11.23.54:102][  0]LogPakFile: OnPakFileMounted2Time == 0.000099
[2021.12.19-11.23.54:114][  0]LogPakFile: PakFile PrimaryIndexSize=192
[2021.12.19-11.23.54:114][  0]LogPakFile: PakFile PathHashIndexSize=101
[2021.12.19-11.23.54:114][  0]LogPakFile: PakFile FullDirectoryIndexSize=158
[2021.12.19-11.23.54:114][  0]LogShaderLibrary: Display: ShaderCodeLibraryPakFileMountedCallback: PakFile 'E:/ue4/UE_4.27/FeaturePacks/TP_VirtualRealityBP.upack' (chunk index -1, root 'root:/') mounted
[2021.12.19-11.23.54:114][  0]LogShaderLibrary: Display: ShaderCodeLibraryPakFileMountedCallback: pending pak file info (ChunkID:-1 Root:root:/ File:E:/ue4/UE_4.27/FeaturePacks/TP_VirtualRealityBP.upack)
[2021.12.19-11.23.54:114][  0]LogPakFile: OnPakFileMounted2Time == 0.000049
[2021.12.19-11.23.55:481][  0]LogNativeClassHierarchy: Verbose: Native class hierarchy updated for 'AddContentDialog' in 0.0003 seconds. Added 0 classes and 0 folders.
[2021.12.19-11.23.55:757][  0]LogNativeClassHierarchy: Verbose: Native class hierarchy updated for 'SceneOutliner' in 0.0003 seconds. Added 2 classes and 0 folders.
[2021.12.19-11.23.56:583][  0]LogSlate: Took 0.012390 seconds to synchronously load lazily loaded font '../../../Engine/Content/Slate/Fonts/Roboto-Regular.ttf' (155K)
[2021.12.19-11.23.56:624][  0]LogSlate: Took 0.032593 seconds to synchronously load lazily loaded font '../../../Engine/Content/Editor/Slate/Fonts/FontAwesome.ttf' (139K)
[2021.12.19-11.23.56:634][  0]LogSlate: Took 0.004823 seconds to synchronously load lazily loaded font '../../../Engine/Content/Slate/Fonts/Roboto-Bold.ttf' (160K)
[2021.12.19-11.23.57:155][  0]LogRenderer: Reallocating scene render targets to support 1208x600 Format 10 NumSamples 1 (Frame:1).
[2021.12.19-11.23.58:072][  0]LogNativeClassHierarchy: Verbose: Native class hierarchy updated for 'HierarchicalLODOutliner' in 0.0003 seconds. Added 0 classes and 0 folders.
[2021.12.19-11.23.58:072][  0]LogLoad: (Engine Initialization) Total time: 42.11 seconds
[2021.12.19-11.23.58:072][  0]LogLoad: (Engine Initialization) Total Blueprint compile time: 0.00 seconds
[2021.12.19-11.23.58:144][  0]LogAssetRegistry: Asset discovery search completed in 25.6945 seconds
[2021.12.19-11.23.58:149][  0]LogCollectionManager: Fixed up redirectors for 0 collections in 0.000003 seconds (updated 0 objects)
[2021.12.19-11.23.58:153][  0]LogContentStreaming: Texture pool size now 1000 MB
[2021.12.19-11.31.35:470][497]LogEditorViewport: Clicking on Actor (context menu): StaticMeshActor (Floor)
